# JRE version: OpenJDK Runtime Environment (8.0_242-b01) (build 1.8.0_242-release-1644-b01)
# Java VM: OpenJDK 64-Bit Server VM (25.242-b01 mixed mode windows-amd64 compressed oops)
Heap:
 PSYoungGen      total 140800K, used 22001K [0x00000000d5580000, 0x00000000de980000, 0x0000000100000000)
  eden space 130048K, 8% used [0x00000000d5580000,0x00000000d60df610,0x00000000dd480000)
  from space 10752K, 96% used [0x00000000dd480000,0x00000000dde9cfb8,0x00000000ddf00000)
  to   space 10752K, 0% used [0x00000000ddf00000,0x00000000ddf00000,0x00000000de980000)
 ParOldGen       total 147456K, used 14622K [0x0000000080000000, 0x0000000089000000, 0x00000000d5580000)
  object space 147456K, 9% used [0x0000000080000000,0x0000000080e47b10,0x0000000089000000)
 Metaspace       used 41280K, capacity 43098K, committed 43432K, reserved 1087488K
  class space    used 5649K, capacity 5998K, committed 6064K, reserved 1048576K
GC Heap History (10 events):
Event: 2.015 GC heap before
{Heap before GC invocations=5 (full 1):
 PSYoungGen      total 140800K, used 7935K [0x00000000d5580000, 0x00000000de980000, 0x0000000100000000)
  eden space 130048K, 0% used [0x00000000d5580000,0x00000000d5580000,0x00000000dd480000)
  from space 10752K, 73% used [0x00000000ddf00000,0x00000000de6bfea0,0x00000000de980000)
  to   space 10752K, 0% used [0x00000000dd480000,0x00000000dd480000,0x00000000ddf00000)
 ParOldGen       total 173568K, used 963K [0x0000000080000000, 0x000000008a980000, 0x00000000d5580000)
  object space 173568K, 0% used [0x0000000080000000,0x00000000800f0fe0,0x000000008a980000)
 Metaspace       used 20616K, capacity 21224K, committed 21296K, reserved 1067008K
  class space    used 2878K, capacity 3076K, committed 3120K, reserved 1048576K
Event: 2.037 GC heap after
Heap after GC invocations=5 (full 1):
 PSYoungGen      total 140800K, used 0K [0x00000000d5580000, 0x00000000de980000, 0x0000000100000000)
  eden space 130048K, 0% used [0x00000000d5580000,0x00000000d5580000,0x00000000dd480000)
  from space 10752K, 0% used [0x00000000ddf00000,0x00000000ddf00000,0x00000000de980000)
  to   space 10752K, 0% used [0x00000000dd480000,0x00000000dd480000,0x00000000ddf00000)
 ParOldGen       total 95232K, used 7716K [0x0000000080000000, 0x0000000085d00000, 0x00000000d5580000)
  object space 95232K, 8% used [0x0000000080000000,0x00000000807893d8,0x0000000085d00000)
 Metaspace       used 20616K, capacity 21224K, committed 21296K, reserved 1067008K
  class space    used 2878K, capacity 3076K, committed 3120K, reserved 1048576K
}
Event: 2.737 GC heap before
{Heap before GC invocations=6 (full 1):
 PSYoungGen      total 140800K, used 130048K [0x00000000d5580000, 0x00000000de980000, 0x0000000100000000)
  eden space 130048K, 100% used [0x00000000d5580000,0x00000000dd480000,0x00000000dd480000)
  from space 10752K, 0% used [0x00000000ddf00000,0x00000000ddf00000,0x00000000de980000)
  to   space 10752K, 0% used [0x00000000dd480000,0x00000000dd480000,0x00000000ddf00000)
 ParOldGen       total 95232K, used 7716K [0x0000000080000000, 0x0000000085d00000, 0x00000000d5580000)
  object space 95232K, 8% used [0x0000000080000000,0x00000000807893d8,0x0000000085d00000)
 Metaspace       used 32791K, capacity 33796K, committed 33968K, reserved 1079296K
  class space    used 4477K, capacity 4750K, committed 4784K, reserved 1048576K
Event: 2.745 GC heap after
Heap after GC invocations=6 (full 1):
 PSYoungGen      total 140800K, used 10745K [0x00000000d5580000, 0x00000000de980000, 0x0000000100000000)
  eden space 130048K, 0% used [0x00000000d5580000,0x00000000d5580000,0x00000000dd480000)
  from space 10752K, 99% used [0x00000000dd480000,0x00000000ddefe5a0,0x00000000ddf00000)
  to   space 10752K, 0% used [0x00000000ddf00000,0x00000000ddf00000,0x00000000de980000)
 ParOldGen       total 95232K, used 11008K [0x0000000080000000, 0x0000000085d00000, 0x00000000d5580000)
  object space 95232K, 11% used [0x0000000080000000,0x0000000080ac0218,0x0000000085d00000)
 Metaspace       used 32791K, capacity 33796K, committed 33968K, reserved 1079296K
  class space    used 4477K, capacity 4750K, committed 4784K, reserved 1048576K
}
Event: 2.879 GC heap before
{Heap before GC invocations=7 (full 1):
 PSYoungGen      total 140800K, used 40041K [0x00000000d5580000, 0x00000000de980000, 0x0000000100000000)
  eden space 130048K, 22% used [0x00000000d5580000,0x00000000d721bea0,0x00000000dd480000)
  from space 10752K, 99% used [0x00000000dd480000,0x00000000ddefe5a0,0x00000000ddf00000)
  to   space 10752K, 0% used [0x00000000ddf00000,0x00000000ddf00000,0x00000000de980000)
 ParOldGen       total 95232K, used 11008K [0x0000000080000000, 0x0000000085d00000, 0x00000000d5580000)
  object space 95232K, 11% used [0x0000000080000000,0x0000000080ac0218,0x0000000085d00000)
 Metaspace       used 34280K, capacity 35412K, committed 35496K, reserved 1079296K
  class space    used 4715K, capacity 5001K, committed 5040K, reserved 1048576K
Event: 2.884 GC heap after
Heap after GC invocations=7 (full 1):
 PSYoungGen      total 140800K, used 8214K [0x00000000d5580000, 0x00000000de980000, 0x0000000100000000)
  eden space 130048K, 0% used [0x00000000d5580000,0x00000000d5580000,0x00000000dd480000)
  from space 10752K, 76% used [0x00000000ddf00000,0x00000000de705958,0x00000000de980000)
  to   space 10752K, 0% used [0x00000000dd480000,0x00000000dd480000,0x00000000ddf00000)
 ParOldGen       total 95232K, used 11016K [0x0000000080000000, 0x0000000085d00000, 0x00000000d5580000)
  object space 95232K, 11% used [0x0000000080000000,0x0000000080ac2218,0x0000000085d00000)
 Metaspace       used 34280K, capacity 35412K, committed 35496K, reserved 1079296K
  class space    used 4715K, capacity 5001K, committed 5040K, reserved 1048576K
}
Event: 2.884 GC heap before
{Heap before GC invocations=8 (full 2):
 PSYoungGen      total 140800K, used 8214K [0x00000000d5580000, 0x00000000de980000, 0x0000000100000000)
  eden space 130048K, 0% used [0x00000000d5580000,0x00000000d5580000,0x00000000dd480000)
  from space 10752K, 76% used [0x00000000ddf00000,0x00000000de705958,0x00000000de980000)
  to   space 10752K, 0% used [0x00000000dd480000,0x00000000dd480000,0x00000000ddf00000)
 ParOldGen       total 95232K, used 11016K [0x0000000080000000, 0x0000000085d00000, 0x00000000d5580000)
  object space 95232K, 11% used [0x0000000080000000,0x0000000080ac2218,0x0000000085d00000)
 Metaspace       used 34280K, capacity 35412K, committed 35496K, reserved 1079296K
  class space    used 4715K, capacity 5001K, committed 5040K, reserved 1048576K
Event: 2.917 GC heap after
Heap after GC invocations=8 (full 2):
 PSYoungGen      total 140800K, used 0K [0x00000000d5580000, 0x00000000de980000, 0x0000000100000000)
  eden space 130048K, 0% used [0x00000000d5580000,0x00000000d5580000,0x00000000dd480000)
  from space 10752K, 0% used [0x00000000ddf00000,0x00000000ddf00000,0x00000000de980000)
  to   space 10752K, 0% used [0x00000000dd480000,0x00000000dd480000,0x00000000ddf00000)
 ParOldGen       total 147456K, used 14614K [0x0000000080000000, 0x0000000089000000, 0x00000000d5580000)
  object space 147456K, 9% used [0x0000000080000000,0x0000000080e45b10,0x0000000089000000)
 Metaspace       used 34280K, capacity 35412K, committed 35496K, reserved 1079296K
  class space    used 4715K, capacity 5001K, committed 5040K, reserved 1048576K
}
Event: 3.474 GC heap before
{Heap before GC invocations=9 (full 2):
 PSYoungGen      total 140800K, used 130048K [0x00000000d5580000, 0x00000000de980000, 0x0000000100000000)
  eden space 130048K, 100% used [0x00000000d5580000,0x00000000dd480000,0x00000000dd480000)
  from space 10752K, 0% used [0x00000000ddf00000,0x00000000ddf00000,0x00000000de980000)
  to   space 10752K, 0% used [0x00000000dd480000,0x00000000dd480000,0x00000000ddf00000)
 ParOldGen       total 147456K, used 14614K [0x0000000080000000, 0x0000000089000000, 0x00000000d5580000)
  object space 147456K, 9% used [0x0000000080000000,0x0000000080e45b10,0x0000000089000000)
 Metaspace       used 39806K, capacity 41644K, committed 41768K, reserved 1085440K
  class space    used 5496K, capacity 5895K, committed 5936K, reserved 1048576K
Event: 3.480 GC heap after
Heap after GC invocations=9 (full 2):
 PSYoungGen      total 140800K, used 10355K [0x00000000d5580000, 0x00000000de980000, 0x0000000100000000)
  eden space 130048K, 0% used [0x00000000d5580000,0x00000000d5580000,0x00000000dd480000)
  from space 10752K, 96% used [0x00000000dd480000,0x00000000dde9cfb8,0x00000000ddf00000)
  to   space 10752K, 0% used [0x00000000ddf00000,0x00000000ddf00000,0x00000000de980000)
 ParOldGen       total 147456K, used 14622K [0x0000000080000000, 0x0000000089000000, 0x00000000d5580000)
  object space 147456K, 9% used [0x0000000080000000,0x0000000080e47b10,0x0000000089000000)
 Metaspace       used 39806K, capacity 41644K, committed 41768K, reserved 1085440K
  class space    used 5496K, capacity 5895K, committed 5936K, reserved 1048576K
}

