# JRE version: OpenJDK Runtime Environment (8.0_242-b01) (build 1.8.0_242-release-1644-b01)
# Java VM: OpenJDK 64-Bit Server VM (25.242-b01 mixed mode windows-amd64 compressed oops)
Heap:
 PSYoungGen      total 337408K, used 28535K [0x00000000d5580000, 0x00000000eb600000, 0x0000000100000000)
  eden space 313856K, 5% used [0x00000000d5580000,0x00000000d6738fd0,0x00000000e8800000)
  from space 23552K, 44% used [0x00000000e8800000,0x00000000e9225000,0x00000000e9f00000)
  to   space 18432K, 0% used [0x00000000ea080000,0x00000000ea080000,0x00000000eb280000)
 ParOldGen       total 220160K, used 36624K [0x0000000080000000, 0x000000008d700000, 0x00000000d5580000)
  object space 220160K, 16% used [0x0000000080000000,0x00000000823c4140,0x000000008d700000)
 Metaspace       used 63743K, capacity 66294K, committed 66472K, reserved 1105920K
  class space    used 8581K, capacity 9122K, committed 9136K, reserved 1048576K
GC Heap History (10 events):
Event: 3.047 GC heap before
{Heap before GC invocations=8 (full 2):
 PSYoungGen      total 231424K, used 8250K [0x00000000d5580000, 0x00000000e4c00000, 0x0000000100000000)
  eden space 216064K, 0% used [0x00000000d5580000,0x00000000d5580000,0x00000000e2880000)
  from space 15360K, 53% used [0x00000000e3700000,0x00000000e3f0eae8,0x00000000e4600000)
  to   space 14848K, 0% used [0x00000000e2880000,0x00000000e2880000,0x00000000e3700000)
 ParOldGen       total 94208K, used 11070K [0x0000000080000000, 0x0000000085c00000, 0x00000000d5580000)
  object space 94208K, 11% used [0x0000000080000000,0x0000000080acfa20,0x0000000085c00000)
 Metaspace       used 34320K, capacity 35414K, committed 35496K, reserved 1079296K
  class space    used 4720K, capacity 5002K, committed 5040K, reserved 1048576K
Event: 3.079 GC heap after
Heap after GC invocations=8 (full 2):
 PSYoungGen      total 231424K, used 0K [0x00000000d5580000, 0x00000000e4c00000, 0x0000000100000000)
  eden space 216064K, 0% used [0x00000000d5580000,0x00000000d5580000,0x00000000e2880000)
  from space 15360K, 0% used [0x00000000e3700000,0x00000000e3700000,0x00000000e4600000)
  to   space 14848K, 0% used [0x00000000e2880000,0x00000000e2880000,0x00000000e3700000)
 ParOldGen       total 144384K, used 14686K [0x0000000080000000, 0x0000000088d00000, 0x00000000d5580000)
  object space 144384K, 10% used [0x0000000080000000,0x0000000080e57920,0x0000000088d00000)
 Metaspace       used 34320K, capacity 35414K, committed 35496K, reserved 1079296K
  class space    used 4720K, capacity 5002K, committed 5040K, reserved 1048576K
}
Event: 4.007 GC heap before
{Heap before GC invocations=9 (full 2):
 PSYoungGen      total 231424K, used 216064K [0x00000000d5580000, 0x00000000e4c00000, 0x0000000100000000)
  eden space 216064K, 100% used [0x00000000d5580000,0x00000000e2880000,0x00000000e2880000)
  from space 15360K, 0% used [0x00000000e3700000,0x00000000e3700000,0x00000000e4600000)
  to   space 14848K, 0% used [0x00000000e2880000,0x00000000e2880000,0x00000000e3700000)
 ParOldGen       total 144384K, used 14686K [0x0000000080000000, 0x0000000088d00000, 0x00000000d5580000)
  object space 144384K, 10% used [0x0000000080000000,0x0000000080e57920,0x0000000088d00000)
 Metaspace       used 45762K, capacity 47646K, committed 47784K, reserved 1091584K
  class space    used 6188K, capacity 6562K, committed 6576K, reserved 1048576K
Event: 4.018 GC heap after
Heap after GC invocations=9 (full 2):
 PSYoungGen      total 230912K, used 14825K [0x00000000d5580000, 0x00000000eb280000, 0x0000000100000000)
  eden space 216064K, 0% used [0x00000000d5580000,0x00000000d5580000,0x00000000e2880000)
  from space 14848K, 99% used [0x00000000e2880000,0x00000000e36fa6b0,0x00000000e3700000)
  to   space 18432K, 0% used [0x00000000ea080000,0x00000000ea080000,0x00000000eb280000)
 ParOldGen       total 144384K, used 17459K [0x0000000080000000, 0x0000000088d00000, 0x00000000d5580000)
  object space 144384K, 12% used [0x0000000080000000,0x000000008110cff0,0x0000000088d00000)
 Metaspace       used 45762K, capacity 47646K, committed 47784K, reserved 1091584K
  class space    used 6188K, capacity 6562K, committed 6576K, reserved 1048576K
}
Event: 5.151 GC heap before
{Heap before GC invocations=10 (full 2):
 PSYoungGen      total 230912K, used 146327K [0x00000000d5580000, 0x00000000eb280000, 0x0000000100000000)
  eden space 216064K, 60% used [0x00000000d5580000,0x00000000dd5eb858,0x00000000e2880000)
  from space 14848K, 99% used [0x00000000e2880000,0x00000000e36fa6b0,0x00000000e3700000)
  to   space 18432K, 0% used [0x00000000ea080000,0x00000000ea080000,0x00000000eb280000)
 ParOldGen       total 144384K, used 17459K [0x0000000080000000, 0x0000000088d00000, 0x00000000d5580000)
  object space 144384K, 12% used [0x0000000080000000,0x000000008110cff0,0x0000000088d00000)
 Metaspace       used 56454K, capacity 59006K, committed 59160K, reserved 1099776K
  class space    used 7743K, capacity 8252K, committed 8368K, reserved 1048576K
Event: 5.165 GC heap after
Heap after GC invocations=10 (full 2):
 PSYoungGen      total 332288K, used 18415K [0x00000000d5580000, 0x00000000eb600000, 0x0000000100000000)
  eden space 313856K, 0% used [0x00000000d5580000,0x00000000d5580000,0x00000000e8800000)
  from space 18432K, 99% used [0x00000000ea080000,0x00000000eb27be78,0x00000000eb280000)
  to   space 23552K, 0% used [0x00000000e8800000,0x00000000e8800000,0x00000000e9f00000)
 ParOldGen       total 144384K, used 23823K [0x0000000080000000, 0x0000000088d00000, 0x00000000d5580000)
  object space 144384K, 16% used [0x0000000080000000,0x0000000081743ce8,0x0000000088d00000)
 Metaspace       used 56454K, capacity 59006K, committed 59160K, reserved 1099776K
  class space    used 7743K, capacity 8252K, committed 8368K, reserved 1048576K
}
Event: 5.165 GC heap before
{Heap before GC invocations=11 (full 3):
 PSYoungGen      total 332288K, used 18415K [0x00000000d5580000, 0x00000000eb600000, 0x0000000100000000)
  eden space 313856K, 0% used [0x00000000d5580000,0x00000000d5580000,0x00000000e8800000)
  from space 18432K, 99% used [0x00000000ea080000,0x00000000eb27be78,0x00000000eb280000)
  to   space 23552K, 0% used [0x00000000e8800000,0x00000000e8800000,0x00000000e9f00000)
 ParOldGen       total 144384K, used 23823K [0x0000000080000000, 0x0000000088d00000, 0x00000000d5580000)
  object space 144384K, 16% used [0x0000000080000000,0x0000000081743ce8,0x0000000088d00000)
 Metaspace       used 56454K, capacity 59006K, committed 59160K, reserved 1099776K
  class space    used 7743K, capacity 8252K, committed 8368K, reserved 1048576K
Event: 5.310 GC heap after
Heap after GC invocations=11 (full 3):
 PSYoungGen      total 332288K, used 0K [0x00000000d5580000, 0x00000000eb600000, 0x0000000100000000)
  eden space 313856K, 0% used [0x00000000d5580000,0x00000000d5580000,0x00000000e8800000)
  from space 18432K, 0% used [0x00000000ea080000,0x00000000ea080000,0x00000000eb280000)
  to   space 23552K, 0% used [0x00000000e8800000,0x00000000e8800000,0x00000000e9f00000)
 ParOldGen       total 220160K, used 36616K [0x0000000080000000, 0x000000008d700000, 0x00000000d5580000)
  object space 220160K, 16% used [0x0000000080000000,0x00000000823c2140,0x000000008d700000)
 Metaspace       used 56351K, capacity 58664K, committed 59160K, reserved 1099776K
  class space    used 7711K, capacity 8195K, committed 8368K, reserved 1048576K
}
Event: 12.424 GC heap before
{Heap before GC invocations=12 (full 3):
 PSYoungGen      total 332288K, used 313856K [0x00000000d5580000, 0x00000000eb600000, 0x0000000100000000)
  eden space 313856K, 100% used [0x00000000d5580000,0x00000000e8800000,0x00000000e8800000)
  from space 18432K, 0% used [0x00000000ea080000,0x00000000ea080000,0x00000000eb280000)
  to   space 23552K, 0% used [0x00000000e8800000,0x00000000e8800000,0x00000000e9f00000)
 ParOldGen       total 220160K, used 36616K [0x0000000080000000, 0x000000008d700000, 0x00000000d5580000)
  object space 220160K, 16% used [0x0000000080000000,0x00000000823c2140,0x000000008d700000)
 Metaspace       used 63742K, capacity 66294K, committed 66472K, reserved 1105920K
  class space    used 8581K, capacity 9122K, committed 9136K, reserved 1048576K
Event: 12.432 GC heap after
Heap after GC invocations=12 (full 3):
 PSYoungGen      total 337408K, used 10388K [0x00000000d5580000, 0x00000000eb600000, 0x0000000100000000)
  eden space 313856K, 0% used [0x00000000d5580000,0x00000000d5580000,0x00000000e8800000)
  from space 23552K, 44% used [0x00000000e8800000,0x00000000e9225000,0x00000000e9f00000)
  to   space 18432K, 0% used [0x00000000ea080000,0x00000000ea080000,0x00000000eb280000)
 ParOldGen       total 220160K, used 36624K [0x0000000080000000, 0x000000008d700000, 0x00000000d5580000)
  object space 220160K, 16% used [0x0000000080000000,0x00000000823c4140,0x000000008d700000)
 Metaspace       used 63742K, capacity 66294K, committed 66472K, reserved 1105920K
  class space    used 8581K, capacity 9122K, committed 9136K, reserved 1048576K
}

