# JRE version: OpenJDK Runtime Environment (8.0_242-b01) (build 1.8.0_242-release-1644-b01)
# Java VM: OpenJDK 64-Bit Server VM (25.242-b01 mixed mode windows-amd64 compressed oops)
Heap:
 PSYoungGen      total 510976K, used 56377K [0x00000000d5580000, 0x00000000f7000000, 0x0000000100000000)
  eden space 480256K, 7% used [0x00000000d5580000,0x00000000d769f4a8,0x00000000f2a80000)
  from space 30720K, 73% used [0x00000000f4a00000,0x00000000f5feefb0,0x00000000f6800000)
  to   space 32256K, 0% used [0x00000000f2a80000,0x00000000f2a80000,0x00000000f4a00000)
 ParOldGen       total 270848K, used 57422K [0x0000000080000000, 0x0000000090880000, 0x00000000d5580000)
  object space 270848K, 21% used [0x0000000080000000,0x0000000083813a58,0x0000000090880000)
 Metaspace       used 96768K, capacity 101354K, committed 101696K, reserved 1136640K
  class space    used 12625K, capacity 13618K, committed 13696K, reserved 1048576K
GC Heap History (10 events):
Event: 23.287 GC heap before
{Heap before GC invocations=16 (full 3):
 PSYoungGen      total 333824K, used 319488K [0x00000000d5580000, 0x00000000ec080000, 0x0000000100000000)
  eden space 319488K, 100% used [0x00000000d5580000,0x00000000e8d80000,0x00000000e8d80000)
  from space 14336K, 0% used [0x00000000ea200000,0x00000000ea200000,0x00000000eb000000)
  to   space 20992K, 0% used [0x00000000e8d80000,0x00000000e8d80000,0x00000000ea200000)
 ParOldGen       total 196608K, used 41655K [0x0000000080000000, 0x000000008c000000, 0x00000000d5580000)
  object space 196608K, 21% used [0x0000000080000000,0x00000000828adc10,0x000000008c000000)
 Metaspace       used 76915K, capacity 80618K, committed 80856K, reserved 1118208K
  class space    used 10496K, capacity 11183K, committed 11264K, reserved 1048576K
Event: 23.317 GC heap after
Heap after GC invocations=16 (full 3):
 PSYoungGen      total 340480K, used 20982K [0x00000000d5580000, 0x00000000f1c80000, 0x0000000100000000)
  eden space 319488K, 0% used [0x00000000d5580000,0x00000000d5580000,0x00000000e8d80000)
  from space 20992K, 99% used [0x00000000e8d80000,0x00000000ea1fd9c8,0x00000000ea200000)
  to   space 27136K, 0% used [0x00000000f0200000,0x00000000f0200000,0x00000000f1c80000)
 ParOldGen       total 196608K, used 50409K [0x0000000080000000, 0x000000008c000000, 0x00000000d5580000)
  object space 196608K, 25% used [0x0000000080000000,0x000000008313a7a0,0x000000008c000000)
 Metaspace       used 76915K, capacity 80618K, committed 80856K, reserved 1118208K
  class space    used 10496K, capacity 11183K, committed 11264K, reserved 1048576K
}
Event: 118.513 GC heap before
{Heap before GC invocations=17 (full 3):
 PSYoungGen      total 340480K, used 340470K [0x00000000d5580000, 0x00000000f1c80000, 0x0000000100000000)
  eden space 319488K, 100% used [0x00000000d5580000,0x00000000e8d80000,0x00000000e8d80000)
  from space 20992K, 99% used [0x00000000e8d80000,0x00000000ea1fd9c8,0x00000000ea200000)
  to   space 27136K, 0% used [0x00000000f0200000,0x00000000f0200000,0x00000000f1c80000)
 ParOldGen       total 196608K, used 50409K [0x0000000080000000, 0x000000008c000000, 0x00000000d5580000)
  object space 196608K, 25% used [0x0000000080000000,0x000000008313a7a0,0x000000008c000000)
 Metaspace       used 87675K, capacity 92012K, committed 92120K, reserved 1128448K
  class space    used 11636K, capacity 12522K, committed 12544K, reserved 1048576K
Event: 118.550 GC heap after
Heap after GC invocations=17 (full 3):
 PSYoungGen      total 425472K, used 26566K [0x00000000d5580000, 0x00000000f1c00000, 0x0000000100000000)
  eden space 398848K, 0% used [0x00000000d5580000,0x00000000d5580000,0x00000000edb00000)
  from space 26624K, 99% used [0x00000000f0200000,0x00000000f1bf1800,0x00000000f1c00000)
  to   space 31232K, 0% used [0x00000000edf00000,0x00000000edf00000,0x00000000efd80000)
 ParOldGen       total 196608K, used 66721K [0x0000000080000000, 0x000000008c000000, 0x00000000d5580000)
  object space 196608K, 33% used [0x0000000080000000,0x0000000084128640,0x000000008c000000)
 Metaspace       used 87675K, capacity 92012K, committed 92120K, reserved 1128448K
  class space    used 11636K, capacity 12522K, committed 12544K, reserved 1048576K
}
Event: 210.082 GC heap before
{Heap before GC invocations=18 (full 3):
 PSYoungGen      total 425472K, used 309355K [0x00000000d5580000, 0x00000000f1c00000, 0x0000000100000000)
  eden space 398848K, 70% used [0x00000000d5580000,0x00000000e69a9590,0x00000000edb00000)
  from space 26624K, 99% used [0x00000000f0200000,0x00000000f1bf1800,0x00000000f1c00000)
  to   space 31232K, 0% used [0x00000000edf00000,0x00000000edf00000,0x00000000efd80000)
 ParOldGen       total 196608K, used 66721K [0x0000000080000000, 0x000000008c000000, 0x00000000d5580000)
  object space 196608K, 33% used [0x0000000080000000,0x0000000084128640,0x000000008c000000)
 Metaspace       used 93699K, capacity 98418K, committed 98496K, reserved 1134592K
  class space    used 12312K, capacity 13262K, committed 13312K, reserved 1048576K
Event: 210.101 GC heap after
Heap after GC invocations=18 (full 3):
 PSYoungGen      total 434176K, used 17748K [0x00000000d5580000, 0x00000000f6800000, 0x0000000100000000)
  eden space 402944K, 0% used [0x00000000d5580000,0x00000000d5580000,0x00000000edf00000)
  from space 31232K, 56% used [0x00000000edf00000,0x00000000ef0551d8,0x00000000efd80000)
  to   space 30720K, 0% used [0x00000000f4a00000,0x00000000f4a00000,0x00000000f6800000)
 ParOldGen       total 196608K, used 66729K [0x0000000080000000, 0x000000008c000000, 0x00000000d5580000)
  object space 196608K, 33% used [0x0000000080000000,0x000000008412a640,0x000000008c000000)
 Metaspace       used 93699K, capacity 98418K, committed 98496K, reserved 1134592K
  class space    used 12312K, capacity 13262K, committed 13312K, reserved 1048576K
}
Event: 210.101 GC heap before
{Heap before GC invocations=19 (full 4):
 PSYoungGen      total 434176K, used 17748K [0x00000000d5580000, 0x00000000f6800000, 0x0000000100000000)
  eden space 402944K, 0% used [0x00000000d5580000,0x00000000d5580000,0x00000000edf00000)
  from space 31232K, 56% used [0x00000000edf00000,0x00000000ef0551d8,0x00000000efd80000)
  to   space 30720K, 0% used [0x00000000f4a00000,0x00000000f4a00000,0x00000000f6800000)
 ParOldGen       total 196608K, used 66729K [0x0000000080000000, 0x000000008c000000, 0x00000000d5580000)
  object space 196608K, 33% used [0x0000000080000000,0x000000008412a640,0x000000008c000000)
 Metaspace       used 93699K, capacity 98418K, committed 98496K, reserved 1134592K
  class space    used 12312K, capacity 13262K, committed 13312K, reserved 1048576K
Event: 210.236 GC heap after
Heap after GC invocations=19 (full 4):
 PSYoungGen      total 434176K, used 0K [0x00000000d5580000, 0x00000000f6800000, 0x0000000100000000)
  eden space 402944K, 0% used [0x00000000d5580000,0x00000000d5580000,0x00000000edf00000)
  from space 31232K, 0% used [0x00000000edf00000,0x00000000edf00000,0x00000000efd80000)
  to   space 30720K, 0% used [0x00000000f4a00000,0x00000000f4a00000,0x00000000f6800000)
 ParOldGen       total 270848K, used 57414K [0x0000000080000000, 0x0000000090880000, 0x00000000d5580000)
  object space 270848K, 21% used [0x0000000080000000,0x0000000083811a58,0x0000000090880000)
 Metaspace       used 93468K, capacity 97724K, committed 98496K, reserved 1134592K
  class space    used 12238K, capacity 13131K, committed 13312K, reserved 1048576K
}
Event: 257.277 GC heap before
{Heap before GC invocations=20 (full 4):
 PSYoungGen      total 434176K, used 402944K [0x00000000d5580000, 0x00000000f6800000, 0x0000000100000000)
  eden space 402944K, 100% used [0x00000000d5580000,0x00000000edf00000,0x00000000edf00000)
  from space 31232K, 0% used [0x00000000edf00000,0x00000000edf00000,0x00000000efd80000)
  to   space 30720K, 0% used [0x00000000f4a00000,0x00000000f4a00000,0x00000000f6800000)
 ParOldGen       total 270848K, used 57414K [0x0000000080000000, 0x0000000090880000, 0x00000000d5580000)
  object space 270848K, 21% used [0x0000000080000000,0x0000000083811a58,0x0000000090880000)
 Metaspace       used 96303K, capacity 100892K, committed 101184K, reserved 1136640K
  class space    used 12549K, capacity 13579K, committed 13696K, reserved 1048576K
Event: 257.299 GC heap after
Heap after GC invocations=20 (full 4):
 PSYoungGen      total 510976K, used 22459K [0x00000000d5580000, 0x00000000f7000000, 0x0000000100000000)
  eden space 480256K, 0% used [0x00000000d5580000,0x00000000d5580000,0x00000000f2a80000)
  from space 30720K, 73% used [0x00000000f4a00000,0x00000000f5feefb0,0x00000000f6800000)
  to   space 32256K, 0% used [0x00000000f2a80000,0x00000000f2a80000,0x00000000f4a00000)
 ParOldGen       total 270848K, used 57422K [0x0000000080000000, 0x0000000090880000, 0x00000000d5580000)
  object space 270848K, 21% used [0x0000000080000000,0x0000000083813a58,0x0000000090880000)
 Metaspace       used 96303K, capacity 100892K, committed 101184K, reserved 1136640K
  class space    used 12549K, capacity 13579K, committed 13696K, reserved 1048576K
}

