# JRE version: OpenJDK Runtime Environment (8.0_242-b01) (build 1.8.0_242-release-1644-b01)
# Java VM: OpenJDK 64-Bit Server VM (25.242-b01 mixed mode windows-amd64 compressed oops)
Heap:
 PSYoungGen      total 230400K, used 55292K [0x00000000d5580000, 0x00000000eaa80000, 0x0000000100000000)
  eden space 216064K, 18% used [0x00000000d5580000,0x00000000d7d845c0,0x00000000e2880000)
  from space 14336K, 99% used [0x00000000e2880000,0x00000000e367ab58,0x00000000e3680000)
  to   space 18944K, 0% used [0x00000000e9800000,0x00000000e9800000,0x00000000eaa80000)
 ParOldGen       total 148480K, used 21549K [0x0000000080000000, 0x0000000089100000, 0x00000000d5580000)
  object space 148480K, 14% used [0x0000000080000000,0x000000008150b770,0x0000000089100000)
 Metaspace       used 50673K, capacity 53048K, committed 53376K, reserved 1095680K
  class space    used 6763K, capacity 7230K, committed 7296K, reserved 1048576K
GC Heap History (10 events):
Event: 2.023 GC heap before
{Heap before GC invocations=5 (full 1):
 PSYoungGen      total 140800K, used 7898K [0x00000000d5580000, 0x00000000de980000, 0x0000000100000000)
  eden space 130048K, 0% used [0x00000000d5580000,0x00000000d5580000,0x00000000dd480000)
  from space 10752K, 73% used [0x00000000ddf00000,0x00000000de6b6938,0x00000000de980000)
  to   space 10752K, 0% used [0x00000000dd480000,0x00000000dd480000,0x00000000ddf00000)
 ParOldGen       total 173568K, used 1061K [0x0000000080000000, 0x000000008a980000, 0x00000000d5580000)
  object space 173568K, 0% used [0x0000000080000000,0x0000000080109610,0x000000008a980000)
 Metaspace       used 20545K, capacity 21220K, committed 21296K, reserved 1067008K
  class space    used 2862K, capacity 3036K, committed 3072K, reserved 1048576K
Event: 2.047 GC heap after
Heap after GC invocations=5 (full 1):
 PSYoungGen      total 140800K, used 0K [0x00000000d5580000, 0x00000000de980000, 0x0000000100000000)
  eden space 130048K, 0% used [0x00000000d5580000,0x00000000d5580000,0x00000000dd480000)
  from space 10752K, 0% used [0x00000000ddf00000,0x00000000ddf00000,0x00000000de980000)
  to   space 10752K, 0% used [0x00000000dd480000,0x00000000dd480000,0x00000000ddf00000)
 ParOldGen       total 94208K, used 7616K [0x0000000080000000, 0x0000000085c00000, 0x00000000d5580000)
  object space 94208K, 8% used [0x0000000080000000,0x0000000080770038,0x0000000085c00000)
 Metaspace       used 20545K, capacity 21220K, committed 21296K, reserved 1067008K
  class space    used 2862K, capacity 3036K, committed 3072K, reserved 1048576K
}
Event: 2.757 GC heap before
{Heap before GC invocations=6 (full 1):
 PSYoungGen      total 140800K, used 130048K [0x00000000d5580000, 0x00000000de980000, 0x0000000100000000)
  eden space 130048K, 100% used [0x00000000d5580000,0x00000000dd480000,0x00000000dd480000)
  from space 10752K, 0% used [0x00000000ddf00000,0x00000000ddf00000,0x00000000de980000)
  to   space 10752K, 0% used [0x00000000dd480000,0x00000000dd480000,0x00000000ddf00000)
 ParOldGen       total 94208K, used 7616K [0x0000000080000000, 0x0000000085c00000, 0x00000000d5580000)
  object space 94208K, 8% used [0x0000000080000000,0x0000000080770038,0x0000000085c00000)
 Metaspace       used 32367K, capacity 33490K, committed 33664K, reserved 1079296K
  class space    used 4384K, capacity 4700K, committed 4736K, reserved 1048576K
Event: 2.767 GC heap after
Heap after GC invocations=6 (full 1):
 PSYoungGen      total 140800K, used 10741K [0x00000000d5580000, 0x00000000e4500000, 0x0000000100000000)
  eden space 130048K, 0% used [0x00000000d5580000,0x00000000d5580000,0x00000000dd480000)
  from space 10752K, 99% used [0x00000000dd480000,0x00000000ddefd658,0x00000000ddf00000)
  to   space 14848K, 0% used [0x00000000e3680000,0x00000000e3680000,0x00000000e4500000)
 ParOldGen       total 94208K, used 10000K [0x0000000080000000, 0x0000000085c00000, 0x00000000d5580000)
  object space 94208K, 10% used [0x0000000080000000,0x00000000809c43d0,0x0000000085c00000)
 Metaspace       used 32367K, capacity 33490K, committed 33664K, reserved 1079296K
  class space    used 4384K, capacity 4700K, committed 4736K, reserved 1048576K
}
Event: 2.990 GC heap before
{Heap before GC invocations=7 (full 1):
 PSYoungGen      total 140800K, used 50597K [0x00000000d5580000, 0x00000000e4500000, 0x0000000100000000)
  eden space 130048K, 30% used [0x00000000d5580000,0x00000000d7c6bec8,0x00000000dd480000)
  from space 10752K, 99% used [0x00000000dd480000,0x00000000ddefd658,0x00000000ddf00000)
  to   space 14848K, 0% used [0x00000000e3680000,0x00000000e3680000,0x00000000e4500000)
 ParOldGen       total 94208K, used 10000K [0x0000000080000000, 0x0000000085c00000, 0x00000000d5580000)
  object space 94208K, 10% used [0x0000000080000000,0x00000000809c43d0,0x0000000085c00000)
 Metaspace       used 34066K, capacity 35404K, committed 35456K, reserved 1079296K
  class space    used 4612K, capacity 4977K, committed 4992K, reserved 1048576K
Event: 2.996 GC heap after
Heap after GC invocations=7 (full 1):
 PSYoungGen      total 230912K, used 9087K [0x00000000d5580000, 0x00000000e4580000, 0x0000000100000000)
  eden space 216064K, 0% used [0x00000000d5580000,0x00000000d5580000,0x00000000e2880000)
  from space 14848K, 61% used [0x00000000e3680000,0x00000000e3f5fff8,0x00000000e4500000)
  to   space 14336K, 0% used [0x00000000e2880000,0x00000000e2880000,0x00000000e3680000)
 ParOldGen       total 94208K, used 10008K [0x0000000080000000, 0x0000000085c00000, 0x00000000d5580000)
  object space 94208K, 10% used [0x0000000080000000,0x00000000809c63d0,0x0000000085c00000)
 Metaspace       used 34066K, capacity 35404K, committed 35456K, reserved 1079296K
  class space    used 4612K, capacity 4977K, committed 4992K, reserved 1048576K
}
Event: 2.996 GC heap before
{Heap before GC invocations=8 (full 2):
 PSYoungGen      total 230912K, used 9087K [0x00000000d5580000, 0x00000000e4580000, 0x0000000100000000)
  eden space 216064K, 0% used [0x00000000d5580000,0x00000000d5580000,0x00000000e2880000)
  from space 14848K, 61% used [0x00000000e3680000,0x00000000e3f5fff8,0x00000000e4500000)
  to   space 14336K, 0% used [0x00000000e2880000,0x00000000e2880000,0x00000000e3680000)
 ParOldGen       total 94208K, used 10008K [0x0000000080000000, 0x0000000085c00000, 0x00000000d5580000)
  object space 94208K, 10% used [0x0000000080000000,0x00000000809c63d0,0x0000000085c00000)
 Metaspace       used 34066K, capacity 35404K, committed 35456K, reserved 1079296K
  class space    used 4612K, capacity 4977K, committed 4992K, reserved 1048576K
Event: 3.034 GC heap after
Heap after GC invocations=8 (full 2):
 PSYoungGen      total 230912K, used 0K [0x00000000d5580000, 0x00000000e4580000, 0x0000000100000000)
  eden space 216064K, 0% used [0x00000000d5580000,0x00000000d5580000,0x00000000e2880000)
  from space 14848K, 0% used [0x00000000e3680000,0x00000000e3680000,0x00000000e4500000)
  to   space 14336K, 0% used [0x00000000e2880000,0x00000000e2880000,0x00000000e3680000)
 ParOldGen       total 148480K, used 15644K [0x0000000080000000, 0x0000000089100000, 0x00000000d5580000)
  object space 148480K, 10% used [0x0000000080000000,0x0000000080f47188,0x0000000089100000)
 Metaspace       used 34066K, capacity 35404K, committed 35456K, reserved 1079296K
  class space    used 4612K, capacity 4977K, committed 4992K, reserved 1048576K
}
Event: 4.181 GC heap before
{Heap before GC invocations=9 (full 2):
 PSYoungGen      total 230912K, used 216064K [0x00000000d5580000, 0x00000000e4580000, 0x0000000100000000)
  eden space 216064K, 100% used [0x00000000d5580000,0x00000000e2880000,0x00000000e2880000)
  from space 14848K, 0% used [0x00000000e3680000,0x00000000e3680000,0x00000000e4500000)
  to   space 14336K, 0% used [0x00000000e2880000,0x00000000e2880000,0x00000000e3680000)
 ParOldGen       total 148480K, used 15644K [0x0000000080000000, 0x0000000089100000, 0x00000000d5580000)
  object space 148480K, 10% used [0x0000000080000000,0x0000000080f47188,0x0000000089100000)
 Metaspace       used 48367K, capacity 50660K, committed 50944K, reserved 1093632K
  class space    used 6446K, capacity 6868K, committed 6912K, reserved 1048576K
Event: 4.192 GC heap after
Heap after GC invocations=9 (full 2):
 PSYoungGen      total 230400K, used 14314K [0x00000000d5580000, 0x00000000eaa80000, 0x0000000100000000)
  eden space 216064K, 0% used [0x00000000d5580000,0x00000000d5580000,0x00000000e2880000)
  from space 14336K, 99% used [0x00000000e2880000,0x00000000e367ab58,0x00000000e3680000)
  to   space 18944K, 0% used [0x00000000e9800000,0x00000000e9800000,0x00000000eaa80000)
 ParOldGen       total 148480K, used 21549K [0x0000000080000000, 0x0000000089100000, 0x00000000d5580000)
  object space 148480K, 14% used [0x0000000080000000,0x000000008150b770,0x0000000089100000)
 Metaspace       used 48367K, capacity 50660K, committed 50944K, reserved 1093632K
  class space    used 6446K, capacity 6868K, committed 6912K, reserved 1048576K
}

