# JRE version: OpenJDK Runtime Environment (8.0_242-b01) (build 1.8.0_242-release-1644-b01)
# Java VM: OpenJDK 64-Bit Server VM (25.242-b01 mixed mode windows-amd64 compressed oops)
Heap:
 PSYoungGen      total 234496K, used 34183K [0x00000000d5580000, 0x00000000eb000000, 0x0000000100000000)
  eden space 216064K, 15% used [0x00000000d5580000,0x00000000d76e1cd0,0x00000000e2880000)
  from space 18432K, 0% used [0x00000000e9e00000,0x00000000e9e00000,0x00000000eb000000)
  to   space 15360K, 0% used [0x00000000e2880000,0x00000000e2880000,0x00000000e3780000)
 ParOldGen       total 146944K, used 37113K [0x0000000080000000, 0x0000000088f80000, 0x00000000d5580000)
  object space 146944K, 25% used [0x0000000080000000,0x000000008243e468,0x0000000088f80000)
 Metaspace       used 59374K, capacity 61718K, committed 61976K, reserved 1101824K
  class space    used 8189K, capacity 8688K, committed 8752K, reserved 1048576K
GC Heap History (10 events):
Event: 2.904 GC heap before
{Heap before GC invocations=7 (full 1):
 PSYoungGen      total 140800K, used 40059K [0x00000000d5580000, 0x00000000e4700000, 0x0000000100000000)
  eden space 130048K, 22% used [0x00000000d5580000,0x00000000d7226d80,0x00000000dd480000)
  from space 10752K, 99% used [0x00000000dd480000,0x00000000ddef8260,0x00000000ddf00000)
  to   space 15872K, 0% used [0x00000000e3780000,0x00000000e3780000,0x00000000e4700000)
 ParOldGen       total 94720K, used 11234K [0x0000000080000000, 0x0000000085c80000, 0x00000000d5580000)
  object space 94720K, 11% used [0x0000000080000000,0x0000000080af8bb8,0x0000000085c80000)
 Metaspace       used 34261K, capacity 35412K, committed 35496K, reserved 1079296K
  class space    used 4713K, capacity 5001K, committed 5040K, reserved 1048576K
Event: 2.910 GC heap after
Heap after GC invocations=7 (full 1):
 PSYoungGen      total 231936K, used 8155K [0x00000000d5580000, 0x00000000e4c00000, 0x0000000100000000)
  eden space 216064K, 0% used [0x00000000d5580000,0x00000000d5580000,0x00000000e2880000)
  from space 15872K, 51% used [0x00000000e3780000,0x00000000e3f76c58,0x00000000e4700000)
  to   space 15360K, 0% used [0x00000000e2880000,0x00000000e2880000,0x00000000e3780000)
 ParOldGen       total 94720K, used 11242K [0x0000000080000000, 0x0000000085c80000, 0x00000000d5580000)
  object space 94720K, 11% used [0x0000000080000000,0x0000000080afabb8,0x0000000085c80000)
 Metaspace       used 34261K, capacity 35412K, committed 35496K, reserved 1079296K
  class space    used 4713K, capacity 5001K, committed 5040K, reserved 1048576K
}
Event: 2.910 GC heap before
{Heap before GC invocations=8 (full 2):
 PSYoungGen      total 231936K, used 8155K [0x00000000d5580000, 0x00000000e4c00000, 0x0000000100000000)
  eden space 216064K, 0% used [0x00000000d5580000,0x00000000d5580000,0x00000000e2880000)
  from space 15872K, 51% used [0x00000000e3780000,0x00000000e3f76c58,0x00000000e4700000)
  to   space 15360K, 0% used [0x00000000e2880000,0x00000000e2880000,0x00000000e3780000)
 ParOldGen       total 94720K, used 11242K [0x0000000080000000, 0x0000000085c80000, 0x00000000d5580000)
  object space 94720K, 11% used [0x0000000080000000,0x0000000080afabb8,0x0000000085c80000)
 Metaspace       used 34261K, capacity 35412K, committed 35496K, reserved 1079296K
  class space    used 4713K, capacity 5001K, committed 5040K, reserved 1048576K
Event: 2.945 GC heap after
Heap after GC invocations=8 (full 2):
 PSYoungGen      total 231936K, used 0K [0x00000000d5580000, 0x00000000e4c00000, 0x0000000100000000)
  eden space 216064K, 0% used [0x00000000d5580000,0x00000000d5580000,0x00000000e2880000)
  from space 15872K, 0% used [0x00000000e3780000,0x00000000e3780000,0x00000000e4700000)
  to   space 15360K, 0% used [0x00000000e2880000,0x00000000e2880000,0x00000000e3780000)
 ParOldGen       total 146944K, used 14618K [0x0000000080000000, 0x0000000088f80000, 0x00000000d5580000)
  object space 146944K, 9% used [0x0000000080000000,0x0000000080e46820,0x0000000088f80000)
 Metaspace       used 34261K, capacity 35412K, committed 35496K, reserved 1079296K
  class space    used 4713K, capacity 5001K, committed 5040K, reserved 1048576K
}
Event: 3.944 GC heap before
{Heap before GC invocations=9 (full 2):
 PSYoungGen      total 231936K, used 216064K [0x00000000d5580000, 0x00000000e4c00000, 0x0000000100000000)
  eden space 216064K, 100% used [0x00000000d5580000,0x00000000e2880000,0x00000000e2880000)
  from space 15872K, 0% used [0x00000000e3780000,0x00000000e3780000,0x00000000e4700000)
  to   space 15360K, 0% used [0x00000000e2880000,0x00000000e2880000,0x00000000e3780000)
 ParOldGen       total 146944K, used 14618K [0x0000000080000000, 0x0000000088f80000, 0x00000000d5580000)
  object space 146944K, 9% used [0x0000000080000000,0x0000000080e46820,0x0000000088f80000)
 Metaspace       used 45699K, capacity 47520K, committed 47784K, reserved 1091584K
  class space    used 6184K, capacity 6563K, committed 6576K, reserved 1048576K
Event: 3.956 GC heap after
Heap after GC invocations=9 (full 2):
 PSYoungGen      total 231424K, used 15336K [0x00000000d5580000, 0x00000000eb000000, 0x0000000100000000)
  eden space 216064K, 0% used [0x00000000d5580000,0x00000000d5580000,0x00000000e2880000)
  from space 15360K, 99% used [0x00000000e2880000,0x00000000e377a0c8,0x00000000e3780000)
  to   space 18432K, 0% used [0x00000000e9e00000,0x00000000e9e00000,0x00000000eb000000)
 ParOldGen       total 146944K, used 16946K [0x0000000080000000, 0x0000000088f80000, 0x00000000d5580000)
  object space 146944K, 11% used [0x0000000080000000,0x000000008108cb98,0x0000000088f80000)
 Metaspace       used 45699K, capacity 47520K, committed 47784K, reserved 1091584K
  class space    used 6184K, capacity 6563K, committed 6576K, reserved 1048576K
}
Event: 4.797 GC heap before
{Heap before GC invocations=10 (full 2):
 PSYoungGen      total 231424K, used 153238K [0x00000000d5580000, 0x00000000eb000000, 0x0000000100000000)
  eden space 216064K, 63% used [0x00000000d5580000,0x00000000ddc2b960,0x00000000e2880000)
  from space 15360K, 99% used [0x00000000e2880000,0x00000000e377a0c8,0x00000000e3780000)
  to   space 18432K, 0% used [0x00000000e9e00000,0x00000000e9e00000,0x00000000eb000000)
 ParOldGen       total 146944K, used 16946K [0x0000000080000000, 0x0000000088f80000, 0x00000000d5580000)
  object space 146944K, 11% used [0x0000000080000000,0x000000008108cb98,0x0000000088f80000)
 Metaspace       used 56710K, capacity 59088K, committed 59160K, reserved 1099776K
  class space    used 7760K, capacity 8221K, committed 8240K, reserved 1048576K
Event: 4.817 GC heap after
Heap after GC invocations=10 (full 2):
 PSYoungGen      total 234496K, used 18401K [0x00000000d5580000, 0x00000000eb000000, 0x0000000100000000)
  eden space 216064K, 0% used [0x00000000d5580000,0x00000000d5580000,0x00000000e2880000)
  from space 18432K, 99% used [0x00000000e9e00000,0x00000000eaff8780,0x00000000eb000000)
  to   space 15360K, 0% used [0x00000000e2880000,0x00000000e2880000,0x00000000e3780000)
 ParOldGen       total 146944K, used 23799K [0x0000000080000000, 0x0000000088f80000, 0x00000000d5580000)
  object space 146944K, 16% used [0x0000000080000000,0x000000008173dfd8,0x0000000088f80000)
 Metaspace       used 56710K, capacity 59088K, committed 59160K, reserved 1099776K
  class space    used 7760K, capacity 8221K, committed 8240K, reserved 1048576K
}
Event: 4.817 GC heap before
{Heap before GC invocations=11 (full 3):
 PSYoungGen      total 234496K, used 18401K [0x00000000d5580000, 0x00000000eb000000, 0x0000000100000000)
  eden space 216064K, 0% used [0x00000000d5580000,0x00000000d5580000,0x00000000e2880000)
  from space 18432K, 99% used [0x00000000e9e00000,0x00000000eaff8780,0x00000000eb000000)
  to   space 15360K, 0% used [0x00000000e2880000,0x00000000e2880000,0x00000000e3780000)
 ParOldGen       total 146944K, used 23799K [0x0000000080000000, 0x0000000088f80000, 0x00000000d5580000)
  object space 146944K, 16% used [0x0000000080000000,0x000000008173dfd8,0x0000000088f80000)
 Metaspace       used 56710K, capacity 59088K, committed 59160K, reserved 1099776K
  class space    used 7760K, capacity 8221K, committed 8240K, reserved 1048576K
Event: 4.970 GC heap after
Heap after GC invocations=11 (full 3):
 PSYoungGen      total 234496K, used 0K [0x00000000d5580000, 0x00000000eb000000, 0x0000000100000000)
  eden space 216064K, 0% used [0x00000000d5580000,0x00000000d5580000,0x00000000e2880000)
  from space 18432K, 0% used [0x00000000e9e00000,0x00000000e9e00000,0x00000000eb000000)
  to   space 15360K, 0% used [0x00000000e2880000,0x00000000e2880000,0x00000000e3780000)
 ParOldGen       total 146944K, used 37113K [0x0000000080000000, 0x0000000088f80000, 0x00000000d5580000)
  object space 146944K, 25% used [0x0000000080000000,0x000000008243e468,0x0000000088f80000)
 Metaspace       used 56644K, capacity 58866K, committed 59160K, reserved 1099776K
  class space    used 7740K, capacity 8184K, committed 8240K, reserved 1048576K
}

