# JRE version: OpenJDK Runtime Environment (8.0_242-b01) (build 1.8.0_242-release-1644-b01)
# Java VM: OpenJDK 64-Bit Server VM (25.242-b01 mixed mode windows-amd64 compressed oops)
Heap:
 PSYoungGen      total 613376K, used 419336K [0x00000000d5580000, 0x00000000ffe80000, 0x0000000100000000)
  eden space 538624K, 74% used [0x00000000d5580000,0x00000000edb10fd0,0x00000000f6380000)
  from space 74752K, 27% used [0x00000000f6380000,0x00000000f77711f8,0x00000000fac80000)
  to   space 71168K, 0% used [0x00000000fb900000,0x00000000fb900000,0x00000000ffe80000)
 ParOldGen       total 236544K, used 174946K [0x0000000080000000, 0x000000008e700000, 0x00000000d5580000)
  object space 236544K, 73% used [0x0000000080000000,0x000000008aad8b00,0x000000008e700000)
 Metaspace       used 132802K, capacity 138698K, committed 139800K, reserved 1171456K
  class space    used 17136K, capacity 18303K, committed 18480K, reserved 1048576K
GC Heap History (10 events):
Event: 14.136 GC heap before
{Heap before GC invocations=15 (full 3):
 PSYoungGen      total 373760K, used 373745K [0x00000000d5580000, 0x00000000f5b00000, 0x0000000100000000)
  eden space 342528K, 100% used [0x00000000d5580000,0x00000000ea400000,0x00000000ea400000)
  from space 31232K, 99% used [0x00000000ea400000,0x00000000ec27c6d0,0x00000000ec280000)
  to   space 57344K, 0% used [0x00000000f2300000,0x00000000f2300000,0x00000000f5b00000)
 ParOldGen       total 236544K, used 102884K [0x0000000080000000, 0x000000008e700000, 0x00000000d5580000)
  object space 236544K, 43% used [0x0000000080000000,0x0000000086479248,0x000000008e700000)
 Metaspace       used 92060K, capacity 98478K, committed 98600K, reserved 1134592K
  class space    used 12584K, capacity 13735K, committed 13744K, reserved 1048576K
Event: 14.206 GC heap after
Heap after GC invocations=15 (full 3):
 PSYoungGen      total 449536K, used 57332K [0x00000000d5580000, 0x00000000f9300000, 0x0000000100000000)
  eden space 392192K, 0% used [0x00000000d5580000,0x00000000d5580000,0x00000000ed480000)
  from space 57344K, 99% used [0x00000000f2300000,0x00000000f5afd3a8,0x00000000f5b00000)
  to   space 80384K, 0% used [0x00000000ed480000,0x00000000ed480000,0x00000000f2300000)
 ParOldGen       total 236544K, used 139714K [0x0000000080000000, 0x000000008e700000, 0x00000000d5580000)
  object space 236544K, 59% used [0x0000000080000000,0x0000000088870820,0x000000008e700000)
 Metaspace       used 92060K, capacity 98478K, committed 98600K, reserved 1134592K
  class space    used 12584K, capacity 13735K, committed 13744K, reserved 1048576K
}
Event: 14.250 GC heap before
{Heap before GC invocations=16 (full 3):
 PSYoungGen      total 449536K, used 72740K [0x00000000d5580000, 0x00000000f9300000, 0x0000000100000000)
  eden space 392192K, 3% used [0x00000000d5580000,0x00000000d648bec8,0x00000000ed480000)
  from space 57344K, 99% used [0x00000000f2300000,0x00000000f5afd3a8,0x00000000f5b00000)
  to   space 80384K, 0% used [0x00000000ed480000,0x00000000ed480000,0x00000000f2300000)
 ParOldGen       total 236544K, used 139714K [0x0000000080000000, 0x000000008e700000, 0x00000000d5580000)
  object space 236544K, 59% used [0x0000000080000000,0x0000000088870820,0x000000008e700000)
 Metaspace       used 92141K, capacity 98585K, committed 98600K, reserved 1134592K
  class space    used 12592K, capacity 13744K, committed 13744K, reserved 1048576K
Event: 14.290 GC heap after
Heap after GC invocations=16 (full 3):
 PSYoungGen      total 472576K, used 2531K [0x00000000d5580000, 0x0000000100000000, 0x0000000100000000)
  eden space 392192K, 0% used [0x00000000d5580000,0x00000000d5580000,0x00000000ed480000)
  from space 80384K, 3% used [0x00000000ed480000,0x00000000ed6f8d70,0x00000000f2300000)
  to   space 79872K, 0% used [0x00000000fb200000,0x00000000fb200000,0x0000000100000000)
 ParOldGen       total 236544K, used 196609K [0x0000000080000000, 0x000000008e700000, 0x00000000d5580000)
  object space 236544K, 83% used [0x0000000080000000,0x000000008c000500,0x000000008e700000)
 Metaspace       used 92141K, capacity 98585K, committed 98600K, reserved 1134592K
  class space    used 12592K, capacity 13744K, committed 13744K, reserved 1048576K
}
Event: 14.290 GC heap before
{Heap before GC invocations=17 (full 4):
 PSYoungGen      total 472576K, used 2531K [0x00000000d5580000, 0x0000000100000000, 0x0000000100000000)
  eden space 392192K, 0% used [0x00000000d5580000,0x00000000d5580000,0x00000000ed480000)
  from space 80384K, 3% used [0x00000000ed480000,0x00000000ed6f8d70,0x00000000f2300000)
  to   space 79872K, 0% used [0x00000000fb200000,0x00000000fb200000,0x0000000100000000)
 ParOldGen       total 236544K, used 196609K [0x0000000080000000, 0x000000008e700000, 0x00000000d5580000)
  object space 236544K, 83% used [0x0000000080000000,0x000000008c000500,0x000000008e700000)
 Metaspace       used 92141K, capacity 98585K, committed 98600K, reserved 1134592K
  class space    used 12592K, capacity 13744K, committed 13744K, reserved 1048576K
Event: 14.674 GC heap after
Heap after GC invocations=17 (full 4):
 PSYoungGen      total 472576K, used 0K [0x00000000d5580000, 0x0000000100000000, 0x0000000100000000)
  eden space 392192K, 0% used [0x00000000d5580000,0x00000000d5580000,0x00000000ed480000)
  from space 80384K, 0% used [0x00000000ed480000,0x00000000ed480000,0x00000000f2300000)
  to   space 79872K, 0% used [0x00000000fb200000,0x00000000fb200000,0x0000000100000000)
 ParOldGen       total 236544K, used 161674K [0x0000000080000000, 0x000000008e700000, 0x00000000d5580000)
  object space 236544K, 68% used [0x0000000080000000,0x0000000089de2998,0x000000008e700000)
 Metaspace       used 91070K, capacity 95563K, committed 98600K, reserved 1134592K
  class space    used 12235K, capacity 13117K, committed 13744K, reserved 1048576K
}
Event: 37.803 GC heap before
{Heap before GC invocations=18 (full 4):
 PSYoungGen      total 472576K, used 392192K [0x00000000d5580000, 0x0000000100000000, 0x0000000100000000)
  eden space 392192K, 100% used [0x00000000d5580000,0x00000000ed480000,0x00000000ed480000)
  from space 80384K, 0% used [0x00000000ed480000,0x00000000ed480000,0x00000000f2300000)
  to   space 79872K, 0% used [0x00000000fb200000,0x00000000fb200000,0x0000000100000000)
 ParOldGen       total 236544K, used 161674K [0x0000000080000000, 0x000000008e700000, 0x00000000d5580000)
  object space 236544K, 68% used [0x0000000080000000,0x0000000089de2998,0x000000008e700000)
 Metaspace       used 97786K, capacity 102641K, committed 105112K, reserved 1140736K
  class space    used 12786K, capacity 13743K, committed 14256K, reserved 1048576K
Event: 37.841 GC heap after
Heap after GC invocations=18 (full 4):
 PSYoungGen      total 607744K, used 25809K [0x00000000d5580000, 0x00000000ff580000, 0x0000000100000000)
  eden space 538624K, 0% used [0x00000000d5580000,0x00000000d5580000,0x00000000f6380000)
  from space 69120K, 37% used [0x00000000fb200000,0x00000000fcb34458,0x00000000ff580000)
  to   space 74752K, 0% used [0x00000000f6380000,0x00000000f6380000,0x00000000fac80000)
 ParOldGen       total 236544K, used 161682K [0x0000000080000000, 0x000000008e700000, 0x00000000d5580000)
  object space 236544K, 68% used [0x0000000080000000,0x0000000089de4998,0x000000008e700000)
 Metaspace       used 97786K, capacity 102641K, committed 105112K, reserved 1140736K
  class space    used 12786K, capacity 13743K, committed 14256K, reserved 1048576K
}
Event: 43.307 GC heap before
{Heap before GC invocations=19 (full 4):
 PSYoungGen      total 607744K, used 564433K [0x00000000d5580000, 0x00000000ff580000, 0x0000000100000000)
  eden space 538624K, 100% used [0x00000000d5580000,0x00000000f6380000,0x00000000f6380000)
  from space 69120K, 37% used [0x00000000fb200000,0x00000000fcb34458,0x00000000ff580000)
  to   space 74752K, 0% used [0x00000000f6380000,0x00000000f6380000,0x00000000fac80000)
 ParOldGen       total 236544K, used 161682K [0x0000000080000000, 0x000000008e700000, 0x00000000d5580000)
  object space 236544K, 68% used [0x0000000080000000,0x0000000089de4998,0x000000008e700000)
 Metaspace       used 106646K, capacity 112069K, committed 113816K, reserved 1148928K
  class space    used 13698K, capacity 14691K, committed 15024K, reserved 1048576K
Event: 43.343 GC heap after
Heap after GC invocations=19 (full 4):
 PSYoungGen      total 613376K, used 20420K [0x00000000d5580000, 0x00000000ffe80000, 0x0000000100000000)
  eden space 538624K, 0% used [0x00000000d5580000,0x00000000d5580000,0x00000000f6380000)
  from space 74752K, 27% used [0x00000000f6380000,0x00000000f77711f8,0x00000000fac80000)
  to   space 71168K, 0% used [0x00000000fb900000,0x00000000fb900000,0x00000000ffe80000)
 ParOldGen       total 236544K, used 174946K [0x0000000080000000, 0x000000008e700000, 0x00000000d5580000)
  object space 236544K, 73% used [0x0000000080000000,0x000000008aad8b00,0x000000008e700000)
 Metaspace       used 106646K, capacity 112069K, committed 113816K, reserved 1148928K
  class space    used 13698K, capacity 14691K, committed 15024K, reserved 1048576K
}

