# JRE version: OpenJDK Runtime Environment (8.0_242-b01) (build 1.8.0_242-release-1644-b01)
# Java VM: OpenJDK 64-Bit Server VM (25.242-b01 mixed mode windows-amd64 compressed oops)
Heap:
 PSYoungGen      total 599040K, used 92458K [0x00000000d5580000, 0x00000000ff700000, 0x0000000100000000)
  eden space 509440K, 11% used [0x00000000d5580000,0x00000000d90ee9d8,0x00000000f4700000)
  from space 89600K, 35% used [0x00000000f9f80000,0x00000000fbe5c1c8,0x00000000ff700000)
  to   space 90112K, 0% used [0x00000000f4700000,0x00000000f4700000,0x00000000f9f00000)
 ParOldGen       total 415744K, used 91973K [0x0000000080000000, 0x0000000099600000, 0x00000000d5580000)
  object space 415744K, 22% used [0x0000000080000000,0x00000000859d1730,0x0000000099600000)
 Metaspace       used 161100K, capacity 169229K, committed 169640K, reserved 1198080K
  class space    used 20168K, capacity 21733K, committed 21936K, reserved 1048576K
GC Heap History (10 events):
Event: 8144.539 GC heap before
{Heap before GC invocations=27 (full 5):
 PSYoungGen      total 579584K, used 543123K [0x00000000d5580000, 0x0000000100000000, 0x0000000100000000)
  eden space 475648K, 100% used [0x00000000d5580000,0x00000000f2600000,0x00000000f2600000)
  from space 103936K, 64% used [0x00000000f2600000,0x00000000f67e4cc8,0x00000000f8b80000)
  to   space 107008K, 0% used [0x00000000f9780000,0x00000000f9780000,0x0000000100000000)
 ParOldGen       total 415744K, used 91933K [0x0000000080000000, 0x0000000099600000, 0x00000000d5580000)
  object space 415744K, 22% used [0x0000000080000000,0x00000000859c7730,0x0000000099600000)
 Metaspace       used 157086K, capacity 164307K, committed 165672K, reserved 1193984K
  class space    used 19751K, capacity 21165K, committed 21552K, reserved 1048576K
Event: 8144.562 GC heap after
Heap after GC invocations=27 (full 5):
 PSYoungGen      total 588800K, used 49802K [0x00000000d5580000, 0x00000000ffa00000, 0x0000000100000000)
  eden space 487936K, 0% used [0x00000000d5580000,0x00000000d5580000,0x00000000f3200000)
  from space 100864K, 49% used [0x00000000f9780000,0x00000000fc822b98,0x00000000ffa00000)
  to   space 102400K, 0% used [0x00000000f3200000,0x00000000f3200000,0x00000000f9600000)
 ParOldGen       total 415744K, used 91941K [0x0000000080000000, 0x0000000099600000, 0x00000000d5580000)
  object space 415744K, 22% used [0x0000000080000000,0x00000000859c9730,0x0000000099600000)
 Metaspace       used 157086K, capacity 164307K, committed 165672K, reserved 1193984K
  class space    used 19751K, capacity 21165K, committed 21552K, reserved 1048576K
}
Event: 8156.819 GC heap before
{Heap before GC invocations=28 (full 5):
 PSYoungGen      total 588800K, used 533166K [0x00000000d5580000, 0x00000000ffa00000, 0x0000000100000000)
  eden space 487936K, 99% used [0x00000000d5580000,0x00000000f2d88c98,0x00000000f3200000)
  from space 100864K, 49% used [0x00000000f9780000,0x00000000fc822b98,0x00000000ffa00000)
  to   space 102400K, 0% used [0x00000000f3200000,0x00000000f3200000,0x00000000f9600000)
 ParOldGen       total 415744K, used 91941K [0x0000000080000000, 0x0000000099600000, 0x00000000d5580000)
  object space 415744K, 22% used [0x0000000080000000,0x00000000859c9730,0x0000000099600000)
 Metaspace       used 157409K, capacity 164733K, committed 166184K, reserved 1193984K
  class space    used 19765K, capacity 21189K, committed 21552K, reserved 1048576K
Event: 8156.832 GC heap after
Heap after GC invocations=28 (full 5):
 PSYoungGen      total 590336K, used 34242K [0x00000000d5580000, 0x00000000ffa80000, 0x0000000100000000)
  eden space 487936K, 0% used [0x00000000d5580000,0x00000000d5580000,0x00000000f3200000)
  from space 102400K, 33% used [0x00000000f3200000,0x00000000f5370ac0,0x00000000f9600000)
  to   space 98816K, 0% used [0x00000000f9a00000,0x00000000f9a00000,0x00000000ffa80000)
 ParOldGen       total 415744K, used 91949K [0x0000000080000000, 0x0000000099600000, 0x00000000d5580000)
  object space 415744K, 22% used [0x0000000080000000,0x00000000859cb730,0x0000000099600000)
 Metaspace       used 157409K, capacity 164733K, committed 166184K, reserved 1193984K
  class space    used 19765K, capacity 21189K, committed 21552K, reserved 1048576K
}
Event: 8325.707 GC heap before
{Heap before GC invocations=29 (full 5):
 PSYoungGen      total 590336K, used 522178K [0x00000000d5580000, 0x00000000ffa80000, 0x0000000100000000)
  eden space 487936K, 100% used [0x00000000d5580000,0x00000000f3200000,0x00000000f3200000)
  from space 102400K, 33% used [0x00000000f3200000,0x00000000f5370ac0,0x00000000f9600000)
  to   space 98816K, 0% used [0x00000000f9a00000,0x00000000f9a00000,0x00000000ffa80000)
 ParOldGen       total 415744K, used 91949K [0x0000000080000000, 0x0000000099600000, 0x00000000d5580000)
  object space 415744K, 22% used [0x0000000080000000,0x00000000859cb730,0x0000000099600000)
 Metaspace       used 160382K, capacity 168241K, committed 168872K, reserved 1196032K
  class space    used 20121K, capacity 21673K, committed 21936K, reserved 1048576K
Event: 8325.724 GC heap after
Heap after GC invocations=29 (full 5):
 PSYoungGen      total 593408K, used 29562K [0x00000000d5580000, 0x00000000ff780000, 0x0000000100000000)
  eden space 497664K, 0% used [0x00000000d5580000,0x00000000d5580000,0x00000000f3b80000)
  from space 95744K, 30% used [0x00000000f9a00000,0x00000000fb6deab0,0x00000000ff780000)
  to   space 96256K, 0% used [0x00000000f3b80000,0x00000000f3b80000,0x00000000f9980000)
 ParOldGen       total 415744K, used 91957K [0x0000000080000000, 0x0000000099600000, 0x00000000d5580000)
  object space 415744K, 22% used [0x0000000080000000,0x00000000859cd730,0x0000000099600000)
 Metaspace       used 160382K, capacity 168241K, committed 168872K, reserved 1196032K
  class space    used 20121K, capacity 21673K, committed 21936K, reserved 1048576K
}
Event: 8327.266 GC heap before
{Heap before GC invocations=30 (full 5):
 PSYoungGen      total 593408K, used 527216K [0x00000000d5580000, 0x00000000ff780000, 0x0000000100000000)
  eden space 497664K, 99% used [0x00000000d5580000,0x00000000f3b7d8c0,0x00000000f3b80000)
  from space 95744K, 30% used [0x00000000f9a00000,0x00000000fb6deab0,0x00000000ff780000)
  to   space 96256K, 0% used [0x00000000f3b80000,0x00000000f3b80000,0x00000000f9980000)
 ParOldGen       total 415744K, used 91957K [0x0000000080000000, 0x0000000099600000, 0x00000000d5580000)
  object space 415744K, 22% used [0x0000000080000000,0x00000000859cd730,0x0000000099600000)
 Metaspace       used 160473K, capacity 168305K, committed 168872K, reserved 1196032K
  class space    used 20121K, capacity 21673K, committed 21936K, reserved 1048576K
Event: 8327.278 GC heap after
Heap after GC invocations=30 (full 5):
 PSYoungGen      total 593920K, used 27421K [0x00000000d5580000, 0x00000000ffa80000, 0x0000000100000000)
  eden space 497664K, 0% used [0x00000000d5580000,0x00000000d5580000,0x00000000f3b80000)
  from space 96256K, 28% used [0x00000000f3b80000,0x00000000f5647460,0x00000000f9980000)
  to   space 93184K, 0% used [0x00000000f9f80000,0x00000000f9f80000,0x00000000ffa80000)
 ParOldGen       total 415744K, used 91965K [0x0000000080000000, 0x0000000099600000, 0x00000000d5580000)
  object space 415744K, 22% used [0x0000000080000000,0x00000000859cf730,0x0000000099600000)
 Metaspace       used 160473K, capacity 168305K, committed 168872K, reserved 1196032K
  class space    used 20121K, capacity 21673K, committed 21936K, reserved 1048576K
}
Event: 8333.588 GC heap before
{Heap before GC invocations=31 (full 5):
 PSYoungGen      total 593920K, used 525085K [0x00000000d5580000, 0x00000000ffa80000, 0x0000000100000000)
  eden space 497664K, 100% used [0x00000000d5580000,0x00000000f3b80000,0x00000000f3b80000)
  from space 96256K, 28% used [0x00000000f3b80000,0x00000000f5647460,0x00000000f9980000)
  to   space 93184K, 0% used [0x00000000f9f80000,0x00000000f9f80000,0x00000000ffa80000)
 ParOldGen       total 415744K, used 91965K [0x0000000080000000, 0x0000000099600000, 0x00000000d5580000)
  object space 415744K, 22% used [0x0000000080000000,0x00000000859cf730,0x0000000099600000)
 Metaspace       used 161071K, capacity 169211K, committed 169640K, reserved 1198080K
  class space    used 20166K, capacity 21730K, committed 21936K, reserved 1048576K
Event: 8333.613 GC heap after
Heap after GC invocations=31 (full 5):
 PSYoungGen      total 599040K, used 31600K [0x00000000d5580000, 0x00000000ff700000, 0x0000000100000000)
  eden space 509440K, 0% used [0x00000000d5580000,0x00000000d5580000,0x00000000f4700000)
  from space 89600K, 35% used [0x00000000f9f80000,0x00000000fbe5c1c8,0x00000000ff700000)
  to   space 90112K, 0% used [0x00000000f4700000,0x00000000f4700000,0x00000000f9f00000)
 ParOldGen       total 415744K, used 91973K [0x0000000080000000, 0x0000000099600000, 0x00000000d5580000)
  object space 415744K, 22% used [0x0000000080000000,0x00000000859d1730,0x0000000099600000)
 Metaspace       used 161071K, capacity 169211K, committed 169640K, reserved 1198080K
  class space    used 20166K, capacity 21730K, committed 21936K, reserved 1048576K
}

