# JRE version: OpenJDK Runtime Environment (8.0_242-b01) (build 1.8.0_242-release-1644-b01)
# Java VM: OpenJDK 64-Bit Server VM (25.242-b01 mixed mode windows-amd64 compressed oops)
Heap:
 PSYoungGen      total 647168K, used 63842K [0x00000000d5580000, 0x00000000ffb80000, 0x0000000100000000)
  eden space 600064K, 2% used [0x00000000d5580000,0x00000000d65dcbd0,0x00000000f9f80000)
  from space 47104K, 99% used [0x00000000f9f80000,0x00000000fcd7bdc0,0x00000000fcd80000)
  to   space 45568K, 0% used [0x00000000fcf00000,0x00000000fcf00000,0x00000000ffb80000)
 ParOldGen       total 333312K, used 192949K [0x0000000080000000, 0x0000000094580000, 0x00000000d5580000)
  object space 333312K, 57% used [0x0000000080000000,0x000000008bc6d570,0x0000000094580000)
 Metaspace       used 104360K, capacity 111600K, committed 111692K, reserved 1146880K
  class space    used 13838K, capacity 15170K, committed 15232K, reserved 1048576K
GC Heap History (10 events):
Event: 38.542 GC heap before
{Heap before GC invocations=31 (full 4):
 PSYoungGen      total 641024K, used 637495K [0x00000000d5580000, 0x0000000100000000, 0x0000000100000000)
  eden space 595456K, 100% used [0x00000000d5580000,0x00000000f9b00000,0x00000000f9b00000)
  from space 45568K, 92% used [0x00000000fd380000,0x00000000ffc8deb8,0x0000000100000000)
  to   space 51712K, 0% used [0x00000000f9b00000,0x00000000f9b00000,0x00000000fcd80000)
 ParOldGen       total 333312K, used 132780K [0x0000000080000000, 0x0000000094580000, 0x00000000d5580000)
  object space 333312K, 39% used [0x0000000080000000,0x00000000881ab0c0,0x0000000094580000)
 Metaspace       used 103515K, capacity 110462K, committed 110540K, reserved 1144832K
  class space    used 13733K, capacity 15037K, committed 15104K, reserved 1048576K
Event: 38.564 GC heap after
Heap after GC invocations=31 (full 4):
 PSYoungGen      total 647168K, used 5968K [0x00000000d5580000, 0x0000000100000000, 0x0000000100000000)
  eden space 595456K, 0% used [0x00000000d5580000,0x00000000d5580000,0x00000000f9b00000)
  from space 51712K, 11% used [0x00000000f9b00000,0x00000000fa0d4020,0x00000000fcd80000)
  to   space 51200K, 0% used [0x00000000fce00000,0x00000000fce00000,0x0000000100000000)
 ParOldGen       total 333312K, used 166032K [0x0000000080000000, 0x0000000094580000, 0x00000000d5580000)
  object space 333312K, 49% used [0x0000000080000000,0x000000008a224040,0x0000000094580000)
 Metaspace       used 103515K, capacity 110462K, committed 110540K, reserved 1144832K
  class space    used 13733K, capacity 15037K, committed 15104K, reserved 1048576K
}
Event: 38.902 GC heap before
{Heap before GC invocations=32 (full 4):
 PSYoungGen      total 647168K, used 601424K [0x00000000d5580000, 0x0000000100000000, 0x0000000100000000)
  eden space 595456K, 100% used [0x00000000d5580000,0x00000000f9b00000,0x00000000f9b00000)
  from space 51712K, 11% used [0x00000000f9b00000,0x00000000fa0d4020,0x00000000fcd80000)
  to   space 51200K, 0% used [0x00000000fce00000,0x00000000fce00000,0x0000000100000000)
 ParOldGen       total 333312K, used 166032K [0x0000000080000000, 0x0000000094580000, 0x00000000d5580000)
  object space 333312K, 49% used [0x0000000080000000,0x000000008a224040,0x0000000094580000)
 Metaspace       used 103528K, capacity 110526K, committed 110796K, reserved 1144832K
  class space    used 13734K, capacity 15037K, committed 15104K, reserved 1048576K
Event: 38.910 GC heap after
Heap after GC invocations=32 (full 4):
 PSYoungGen      total 644608K, used 5184K [0x00000000d5580000, 0x00000000ffd80000, 0x0000000100000000)
  eden space 595968K, 0% used [0x00000000d5580000,0x00000000d5580000,0x00000000f9b80000)
  from space 48640K, 10% used [0x00000000fce00000,0x00000000fd310000,0x00000000ffd80000)
  to   space 50176K, 0% used [0x00000000f9b80000,0x00000000f9b80000,0x00000000fcc80000)
 ParOldGen       total 333312K, used 170067K [0x0000000080000000, 0x0000000094580000, 0x00000000d5580000)
  object space 333312K, 51% used [0x0000000080000000,0x000000008a614d08,0x0000000094580000)
 Metaspace       used 103528K, capacity 110526K, committed 110796K, reserved 1144832K
  class space    used 13734K, capacity 15037K, committed 15104K, reserved 1048576K
}
Event: 39.407 GC heap before
{Heap before GC invocations=33 (full 4):
 PSYoungGen      total 644608K, used 601152K [0x00000000d5580000, 0x00000000ffd80000, 0x0000000100000000)
  eden space 595968K, 100% used [0x00000000d5580000,0x00000000f9b80000,0x00000000f9b80000)
  from space 48640K, 10% used [0x00000000fce00000,0x00000000fd310000,0x00000000ffd80000)
  to   space 50176K, 0% used [0x00000000f9b80000,0x00000000f9b80000,0x00000000fcc80000)
 ParOldGen       total 333312K, used 170067K [0x0000000080000000, 0x0000000094580000, 0x00000000d5580000)
  object space 333312K, 51% used [0x0000000080000000,0x000000008a614d08,0x0000000094580000)
 Metaspace       used 103590K, capacity 110594K, committed 110796K, reserved 1144832K
  class space    used 13742K, capacity 15049K, committed 15104K, reserved 1048576K
Event: 39.415 GC heap after
Heap after GC invocations=33 (full 4):
 PSYoungGen      total 646144K, used 5504K [0x00000000d5580000, 0x00000000ffe80000, 0x0000000100000000)
  eden space 595968K, 0% used [0x00000000d5580000,0x00000000d5580000,0x00000000f9b80000)
  from space 50176K, 10% used [0x00000000f9b80000,0x00000000fa0e0000,0x00000000fcc80000)
  to   space 48640K, 0% used [0x00000000fcf00000,0x00000000fcf00000,0x00000000ffe80000)
 ParOldGen       total 333312K, used 173340K [0x0000000080000000, 0x0000000094580000, 0x00000000d5580000)
  object space 333312K, 52% used [0x0000000080000000,0x000000008a9473d0,0x0000000094580000)
 Metaspace       used 103590K, capacity 110594K, committed 110796K, reserved 1144832K
  class space    used 13742K, capacity 15049K, committed 15104K, reserved 1048576K
}
Event: 40.312 GC heap before
{Heap before GC invocations=34 (full 4):
 PSYoungGen      total 646144K, used 601472K [0x00000000d5580000, 0x00000000ffe80000, 0x0000000100000000)
  eden space 595968K, 100% used [0x00000000d5580000,0x00000000f9b80000,0x00000000f9b80000)
  from space 50176K, 10% used [0x00000000f9b80000,0x00000000fa0e0000,0x00000000fcc80000)
  to   space 48640K, 0% used [0x00000000fcf00000,0x00000000fcf00000,0x00000000ffe80000)
 ParOldGen       total 333312K, used 173340K [0x0000000080000000, 0x0000000094580000, 0x00000000d5580000)
  object space 333312K, 52% used [0x0000000080000000,0x000000008a9473d0,0x0000000094580000)
 Metaspace       used 103616K, capacity 110594K, committed 110796K, reserved 1144832K
  class space    used 13744K, capacity 15049K, committed 15104K, reserved 1048576K
Event: 40.322 GC heap after
Heap after GC invocations=34 (full 4):
 PSYoungGen      total 645632K, used 4448K [0x00000000d5580000, 0x00000000ffb80000, 0x0000000100000000)
  eden space 600064K, 0% used [0x00000000d5580000,0x00000000d5580000,0x00000000f9f80000)
  from space 45568K, 9% used [0x00000000fcf00000,0x00000000fd358000,0x00000000ffb80000)
  to   space 47104K, 0% used [0x00000000f9f80000,0x00000000f9f80000,0x00000000fcd80000)
 ParOldGen       total 333312K, used 177409K [0x0000000080000000, 0x0000000094580000, 0x00000000d5580000)
  object space 333312K, 53% used [0x0000000080000000,0x000000008ad40680,0x0000000094580000)
 Metaspace       used 103616K, capacity 110594K, committed 110796K, reserved 1144832K
  class space    used 13744K, capacity 15049K, committed 15104K, reserved 1048576K
}
Event: 42.188 GC heap before
{Heap before GC invocations=35 (full 4):
 PSYoungGen      total 645632K, used 604512K [0x00000000d5580000, 0x00000000ffb80000, 0x0000000100000000)
  eden space 600064K, 100% used [0x00000000d5580000,0x00000000f9f80000,0x00000000f9f80000)
  from space 45568K, 9% used [0x00000000fcf00000,0x00000000fd358000,0x00000000ffb80000)
  to   space 47104K, 0% used [0x00000000f9f80000,0x00000000f9f80000,0x00000000fcd80000)
 ParOldGen       total 333312K, used 177409K [0x0000000080000000, 0x0000000094580000, 0x00000000d5580000)
  object space 333312K, 53% used [0x0000000080000000,0x000000008ad40680,0x0000000094580000)
 Metaspace       used 104351K, capacity 111536K, committed 111692K, reserved 1146880K
  class space    used 13838K, capacity 15170K, committed 15232K, reserved 1048576K
Event: 42.235 GC heap after
Heap after GC invocations=35 (full 4):
 PSYoungGen      total 647168K, used 47087K [0x00000000d5580000, 0x00000000ffb80000, 0x0000000100000000)
  eden space 600064K, 0% used [0x00000000d5580000,0x00000000d5580000,0x00000000f9f80000)
  from space 47104K, 99% used [0x00000000f9f80000,0x00000000fcd7bdc0,0x00000000fcd80000)
  to   space 45568K, 0% used [0x00000000fcf00000,0x00000000fcf00000,0x00000000ffb80000)
 ParOldGen       total 333312K, used 192949K [0x0000000080000000, 0x0000000094580000, 0x00000000d5580000)
  object space 333312K, 57% used [0x0000000080000000,0x000000008bc6d570,0x0000000094580000)
 Metaspace       used 104351K, capacity 111536K, committed 111692K, reserved 1146880K
  class space    used 13838K, capacity 15170K, committed 15232K, reserved 1048576K
}

