# JRE version: OpenJDK Runtime Environment (8.0_242-b01) (build 1.8.0_242-release-1644-b01)
# Java VM: OpenJDK 64-Bit Server VM (25.242-b01 mixed mode windows-amd64 compressed oops)
Heap:
 PSYoungGen      total 348160K, used 125262K [0x00000000d5580000, 0x00000000f2380000, 0x0000000100000000)
  eden space 324608K, 31% used [0x00000000d5580000,0x00000000db8d8668,0x00000000e9280000)
  from space 23552K, 99% used [0x00000000e9280000,0x00000000ea97b548,0x00000000ea980000)
  to   space 28160K, 0% used [0x00000000f0800000,0x00000000f0800000,0x00000000f2380000)
 ParOldGen       total 196608K, used 39307K [0x0000000080000000, 0x000000008c000000, 0x00000000d5580000)
  object space 196608K, 19% used [0x0000000080000000,0x0000000082662f88,0x000000008c000000)
 Metaspace       used 71387K, capacity 74898K, committed 75032K, reserved 1114112K
  class space    used 9527K, capacity 10196K, committed 10288K, reserved 1048576K
GC Heap History (10 events):
Event: 3.430 GC heap before
{Heap before GC invocations=8 (full 2):
 PSYoungGen      total 234496K, used 8264K [0x00000000d5580000, 0x00000000e5000000, 0x0000000100000000)
  eden space 219136K, 0% used [0x00000000d5580000,0x00000000d5580000,0x00000000e2b80000)
  from space 15360K, 53% used [0x00000000e3a00000,0x00000000e4212278,0x00000000e4900000)
  to   space 14848K, 0% used [0x00000000e2b80000,0x00000000e2b80000,0x00000000e3a00000)
 ParOldGen       total 92672K, used 10894K [0x0000000080000000, 0x0000000085a80000, 0x00000000d5580000)
  object space 92672K, 11% used [0x0000000080000000,0x0000000080aa3af0,0x0000000085a80000)
 Metaspace       used 34320K, capacity 35414K, committed 35496K, reserved 1079296K
  class space    used 4712K, capacity 5002K, committed 5040K, reserved 1048576K
Event: 3.465 GC heap after
Heap after GC invocations=8 (full 2):
 PSYoungGen      total 234496K, used 0K [0x00000000d5580000, 0x00000000e5000000, 0x0000000100000000)
  eden space 219136K, 0% used [0x00000000d5580000,0x00000000d5580000,0x00000000e2b80000)
  from space 15360K, 0% used [0x00000000e3a00000,0x00000000e3a00000,0x00000000e4900000)
  to   space 14848K, 0% used [0x00000000e2b80000,0x00000000e2b80000,0x00000000e3a00000)
 ParOldGen       total 137728K, used 14752K [0x0000000080000000, 0x0000000088680000, 0x00000000d5580000)
  object space 137728K, 10% used [0x0000000080000000,0x0000000080e68278,0x0000000088680000)
 Metaspace       used 34320K, capacity 35414K, committed 35496K, reserved 1079296K
  class space    used 4712K, capacity 5002K, committed 5040K, reserved 1048576K
}
Event: 16.794 GC heap before
{Heap before GC invocations=9 (full 2):
 PSYoungGen      total 234496K, used 219136K [0x00000000d5580000, 0x00000000e5000000, 0x0000000100000000)
  eden space 219136K, 100% used [0x00000000d5580000,0x00000000e2b80000,0x00000000e2b80000)
  from space 15360K, 0% used [0x00000000e3a00000,0x00000000e3a00000,0x00000000e4900000)
  to   space 14848K, 0% used [0x00000000e2b80000,0x00000000e2b80000,0x00000000e3a00000)
 ParOldGen       total 137728K, used 14752K [0x0000000080000000, 0x0000000088680000, 0x00000000d5580000)
  object space 137728K, 10% used [0x0000000080000000,0x0000000080e68278,0x0000000088680000)
 Metaspace       used 45999K, capacity 47934K, committed 48168K, reserved 1091584K
  class space    used 6224K, capacity 6604K, committed 6704K, reserved 1048576K
Event: 16.807 GC heap after
Heap after GC invocations=9 (full 2):
 PSYoungGen      total 233984K, used 14823K [0x00000000d5580000, 0x00000000ebb80000, 0x0000000100000000)
  eden space 219136K, 0% used [0x00000000d5580000,0x00000000d5580000,0x00000000e2b80000)
  from space 14848K, 99% used [0x00000000e2b80000,0x00000000e39f9e98,0x00000000e3a00000)
  to   space 18432K, 0% used [0x00000000ea980000,0x00000000ea980000,0x00000000ebb80000)
 ParOldGen       total 137728K, used 17795K [0x0000000080000000, 0x0000000088680000, 0x00000000d5580000)
  object space 137728K, 12% used [0x0000000080000000,0x0000000081160f90,0x0000000088680000)
 Metaspace       used 45999K, capacity 47934K, committed 48168K, reserved 1091584K
  class space    used 6224K, capacity 6604K, committed 6704K, reserved 1048576K
}
Event: 17.979 GC heap before
{Heap before GC invocations=10 (full 2):
 PSYoungGen      total 233984K, used 146502K [0x00000000d5580000, 0x00000000ebb80000, 0x0000000100000000)
  eden space 219136K, 60% used [0x00000000d5580000,0x00000000dd6179a0,0x00000000e2b80000)
  from space 14848K, 99% used [0x00000000e2b80000,0x00000000e39f9e98,0x00000000e3a00000)
  to   space 18432K, 0% used [0x00000000ea980000,0x00000000ea980000,0x00000000ebb80000)
 ParOldGen       total 137728K, used 17795K [0x0000000080000000, 0x0000000088680000, 0x00000000d5580000)
  object space 137728K, 12% used [0x0000000080000000,0x0000000081160f90,0x0000000088680000)
 Metaspace       used 56514K, capacity 58990K, committed 59160K, reserved 1099776K
  class space    used 7736K, capacity 8226K, committed 8240K, reserved 1048576K
Event: 18.000 GC heap after
Heap after GC invocations=10 (full 2):
 PSYoungGen      total 343040K, used 18401K [0x00000000d5580000, 0x00000000ec200000, 0x0000000100000000)
  eden space 324608K, 0% used [0x00000000d5580000,0x00000000d5580000,0x00000000e9280000)
  from space 18432K, 99% used [0x00000000ea980000,0x00000000ebb78650,0x00000000ebb80000)
  to   space 23552K, 0% used [0x00000000e9280000,0x00000000e9280000,0x00000000ea980000)
 ParOldGen       total 137728K, used 24134K [0x0000000080000000, 0x0000000088680000, 0x00000000d5580000)
  object space 137728K, 17% used [0x0000000080000000,0x00000000817918a0,0x0000000088680000)
 Metaspace       used 56514K, capacity 58990K, committed 59160K, reserved 1099776K
  class space    used 7736K, capacity 8226K, committed 8240K, reserved 1048576K
}
Event: 18.000 GC heap before
{Heap before GC invocations=11 (full 3):
 PSYoungGen      total 343040K, used 18401K [0x00000000d5580000, 0x00000000ec200000, 0x0000000100000000)
  eden space 324608K, 0% used [0x00000000d5580000,0x00000000d5580000,0x00000000e9280000)
  from space 18432K, 99% used [0x00000000ea980000,0x00000000ebb78650,0x00000000ebb80000)
  to   space 23552K, 0% used [0x00000000e9280000,0x00000000e9280000,0x00000000ea980000)
 ParOldGen       total 137728K, used 24134K [0x0000000080000000, 0x0000000088680000, 0x00000000d5580000)
  object space 137728K, 17% used [0x0000000080000000,0x00000000817918a0,0x0000000088680000)
 Metaspace       used 56514K, capacity 58990K, committed 59160K, reserved 1099776K
  class space    used 7736K, capacity 8226K, committed 8240K, reserved 1048576K
Event: 18.171 GC heap after
Heap after GC invocations=11 (full 3):
 PSYoungGen      total 343040K, used 0K [0x00000000d5580000, 0x00000000ec200000, 0x0000000100000000)
  eden space 324608K, 0% used [0x00000000d5580000,0x00000000d5580000,0x00000000e9280000)
  from space 18432K, 0% used [0x00000000ea980000,0x00000000ea980000,0x00000000ebb80000)
  to   space 23552K, 0% used [0x00000000e9280000,0x00000000e9280000,0x00000000ea980000)
 ParOldGen       total 196608K, used 36659K [0x0000000080000000, 0x000000008c000000, 0x00000000d5580000)
  object space 196608K, 18% used [0x0000000080000000,0x00000000823ccc48,0x000000008c000000)
 Metaspace       used 56438K, capacity 58732K, committed 59160K, reserved 1099776K
  class space    used 7712K, capacity 8183K, committed 8240K, reserved 1048576K
}
Event: 23.751 GC heap before
{Heap before GC invocations=12 (full 3):
 PSYoungGen      total 343040K, used 324608K [0x00000000d5580000, 0x00000000ec200000, 0x0000000100000000)
  eden space 324608K, 100% used [0x00000000d5580000,0x00000000e9280000,0x00000000e9280000)
  from space 18432K, 0% used [0x00000000ea980000,0x00000000ea980000,0x00000000ebb80000)
  to   space 23552K, 0% used [0x00000000e9280000,0x00000000e9280000,0x00000000ea980000)
 ParOldGen       total 196608K, used 36659K [0x0000000080000000, 0x000000008c000000, 0x00000000d5580000)
  object space 196608K, 18% used [0x0000000080000000,0x00000000823ccc48,0x000000008c000000)
 Metaspace       used 67727K, capacity 71198K, committed 71448K, reserved 1110016K
  class space    used 9277K, capacity 9936K, committed 10032K, reserved 1048576K
Event: 23.771 GC heap after
Heap after GC invocations=12 (full 3):
 PSYoungGen      total 348160K, used 23533K [0x00000000d5580000, 0x00000000f2380000, 0x0000000100000000)
  eden space 324608K, 0% used [0x00000000d5580000,0x00000000d5580000,0x00000000e9280000)
  from space 23552K, 99% used [0x00000000e9280000,0x00000000ea97b548,0x00000000ea980000)
  to   space 28160K, 0% used [0x00000000f0800000,0x00000000f0800000,0x00000000f2380000)
 ParOldGen       total 196608K, used 39307K [0x0000000080000000, 0x000000008c000000, 0x00000000d5580000)
  object space 196608K, 19% used [0x0000000080000000,0x0000000082662f88,0x000000008c000000)
 Metaspace       used 67727K, capacity 71198K, committed 71448K, reserved 1110016K
  class space    used 9277K, capacity 9936K, committed 10032K, reserved 1048576K
}

