# JRE version: OpenJDK Runtime Environment (8.0_242-b01) (build 1.8.0_242-release-1644-b01)
# Java VM: OpenJDK 64-Bit Server VM (25.242-b01 mixed mode windows-amd64 compressed oops)
Heap:
 PSYoungGen      total 532992K, used 260441K [0x00000000d5580000, 0x00000000ff580000, 0x0000000100000000)
  eden space 462848K, 41% used [0x00000000d5580000,0x00000000e0f576d8,0x00000000f1980000)
  from space 70144K, 99% used [0x00000000f7300000,0x00000000fb77ede0,0x00000000fb780000)
  to   space 91648K, 0% used [0x00000000f1980000,0x00000000f1980000,0x00000000f7300000)
 ParOldGen       total 376832K, used 175535K [0x0000000080000000, 0x0000000097000000, 0x00000000d5580000)
  object space 376832K, 46% used [0x0000000080000000,0x000000008ab6bd08,0x0000000097000000)
 Metaspace       used 109282K, capacity 116064K, committed 116172K, reserved 1148928K
  class space    used 14449K, capacity 15755K, committed 15860K, reserved 1048576K
GC Heap History (10 events):
Event: 14.861 GC heap before
{Heap before GC invocations=14 (full 3):
 PSYoungGen      total 387072K, used 375726K [0x00000000d5580000, 0x00000000f0280000, 0x0000000100000000)
  eden space 358912K, 96% used [0x00000000d5580000,0x00000000ea8edc80,0x00000000eb400000)
  from space 28160K, 99% used [0x00000000eda00000,0x00000000ef57de88,0x00000000ef580000)
  to   space 38912K, 0% used [0x00000000eb400000,0x00000000eb400000,0x00000000eda00000)
 ParOldGen       total 221184K, used 57895K [0x0000000080000000, 0x000000008d800000, 0x00000000d5580000)
  object space 221184K, 26% used [0x0000000080000000,0x0000000083889d70,0x000000008d800000)
 Metaspace       used 92815K, capacity 98256K, committed 98380K, reserved 1134592K
  class space    used 12499K, capacity 13572K, committed 13684K, reserved 1048576K
Event: 14.901 GC heap after
Heap after GC invocations=14 (full 3):
 PSYoungGen      total 397824K, used 38882K [0x00000000d5580000, 0x00000000f6780000, 0x0000000100000000)
  eden space 358912K, 0% used [0x00000000d5580000,0x00000000d5580000,0x00000000eb400000)
  from space 38912K, 99% used [0x00000000eb400000,0x00000000ed9f89d8,0x00000000eda00000)
  to   space 59392K, 0% used [0x00000000f2d80000,0x00000000f2d80000,0x00000000f6780000)
 ParOldGen       total 221184K, used 98310K [0x0000000080000000, 0x000000008d800000, 0x00000000d5580000)
  object space 221184K, 44% used [0x0000000080000000,0x0000000086001948,0x000000008d800000)
 Metaspace       used 92815K, capacity 98256K, committed 98380K, reserved 1134592K
  class space    used 12499K, capacity 13572K, committed 13684K, reserved 1048576K
}
Event: 14.901 GC heap before
{Heap before GC invocations=15 (full 4):
 PSYoungGen      total 397824K, used 38882K [0x00000000d5580000, 0x00000000f6780000, 0x0000000100000000)
  eden space 358912K, 0% used [0x00000000d5580000,0x00000000d5580000,0x00000000eb400000)
  from space 38912K, 99% used [0x00000000eb400000,0x00000000ed9f89d8,0x00000000eda00000)
  to   space 59392K, 0% used [0x00000000f2d80000,0x00000000f2d80000,0x00000000f6780000)
 ParOldGen       total 221184K, used 98310K [0x0000000080000000, 0x000000008d800000, 0x00000000d5580000)
  object space 221184K, 44% used [0x0000000080000000,0x0000000086001948,0x000000008d800000)
 Metaspace       used 92815K, capacity 98256K, committed 98380K, reserved 1134592K
  class space    used 12499K, capacity 13572K, committed 13684K, reserved 1048576K
Event: 15.072 GC heap after
Heap after GC invocations=15 (full 4):
 PSYoungGen      total 397824K, used 0K [0x00000000d5580000, 0x00000000f6780000, 0x0000000100000000)
  eden space 358912K, 0% used [0x00000000d5580000,0x00000000d5580000,0x00000000eb400000)
  from space 38912K, 0% used [0x00000000eb400000,0x00000000eb400000,0x00000000eda00000)
  to   space 59392K, 0% used [0x00000000f2d80000,0x00000000f2d80000,0x00000000f6780000)
 ParOldGen       total 376832K, used 101814K [0x0000000080000000, 0x0000000097000000, 0x00000000d5580000)
  object space 376832K, 27% used [0x0000000080000000,0x000000008636d800,0x0000000097000000)
 Metaspace       used 92269K, capacity 96612K, committed 98380K, reserved 1134592K
  class space    used 12323K, capacity 13258K, committed 13684K, reserved 1048576K
}
Event: 16.393 GC heap before
{Heap before GC invocations=16 (full 4):
 PSYoungGen      total 397824K, used 358912K [0x00000000d5580000, 0x00000000f6780000, 0x0000000100000000)
  eden space 358912K, 100% used [0x00000000d5580000,0x00000000eb400000,0x00000000eb400000)
  from space 38912K, 0% used [0x00000000eb400000,0x00000000eb400000,0x00000000eda00000)
  to   space 59392K, 0% used [0x00000000f2d80000,0x00000000f2d80000,0x00000000f6780000)
 ParOldGen       total 376832K, used 101814K [0x0000000080000000, 0x0000000097000000, 0x00000000d5580000)
  object space 376832K, 27% used [0x0000000080000000,0x000000008636d800,0x0000000097000000)
 Metaspace       used 96080K, capacity 101214K, committed 101708K, reserved 1136640K
  class space    used 12836K, capacity 13847K, committed 13940K, reserved 1048576K
Event: 16.429 GC heap after
Heap after GC invocations=16 (full 4):
 PSYoungGen      total 468992K, used 59369K [0x00000000d5580000, 0x00000000f8e80000, 0x0000000100000000)
  eden space 409600K, 0% used [0x00000000d5580000,0x00000000d5580000,0x00000000ee580000)
  from space 59392K, 99% used [0x00000000f2d80000,0x00000000f677a430,0x00000000f6780000)
  to   space 73728K, 0% used [0x00000000ee580000,0x00000000ee580000,0x00000000f2d80000)
 ParOldGen       total 376832K, used 113864K [0x0000000080000000, 0x0000000097000000, 0x00000000d5580000)
  object space 376832K, 30% used [0x0000000080000000,0x0000000086f32318,0x0000000097000000)
 Metaspace       used 96080K, capacity 101214K, committed 101708K, reserved 1136640K
  class space    used 12836K, capacity 13847K, committed 13940K, reserved 1048576K
}
Event: 24.491 GC heap before
{Heap before GC invocations=17 (full 4):
 PSYoungGen      total 468992K, used 468969K [0x00000000d5580000, 0x00000000f8e80000, 0x0000000100000000)
  eden space 409600K, 100% used [0x00000000d5580000,0x00000000ee580000,0x00000000ee580000)
  from space 59392K, 99% used [0x00000000f2d80000,0x00000000f677a430,0x00000000f6780000)
  to   space 73728K, 0% used [0x00000000ee580000,0x00000000ee580000,0x00000000f2d80000)
 ParOldGen       total 376832K, used 113864K [0x0000000080000000, 0x0000000097000000, 0x00000000d5580000)
  object space 376832K, 30% used [0x0000000080000000,0x0000000086f32318,0x0000000097000000)
 Metaspace       used 108782K, capacity 115500K, committed 115532K, reserved 1148928K
  class space    used 14425K, capacity 15729K, committed 15732K, reserved 1048576K
Event: 24.522 GC heap after
Heap after GC invocations=17 (full 4):
 PSYoungGen      total 483328K, used 22540K [0x00000000d5580000, 0x00000000fb780000, 0x0000000100000000)
  eden space 409600K, 0% used [0x00000000d5580000,0x00000000d5580000,0x00000000ee580000)
  from space 73728K, 30% used [0x00000000ee580000,0x00000000efb83298,0x00000000f2d80000)
  to   space 70144K, 0% used [0x00000000f7300000,0x00000000f7300000,0x00000000fb780000)
 ParOldGen       total 376832K, used 149232K [0x0000000080000000, 0x0000000097000000, 0x00000000d5580000)
  object space 376832K, 39% used [0x0000000080000000,0x00000000891bc228,0x0000000097000000)
 Metaspace       used 108782K, capacity 115500K, committed 115532K, reserved 1148928K
  class space    used 14425K, capacity 15729K, committed 15732K, reserved 1048576K
}
Event: 25.890 GC heap before
{Heap before GC invocations=18 (full 4):
 PSYoungGen      total 483328K, used 432140K [0x00000000d5580000, 0x00000000fb780000, 0x0000000100000000)
  eden space 409600K, 100% used [0x00000000d5580000,0x00000000ee580000,0x00000000ee580000)
  from space 73728K, 30% used [0x00000000ee580000,0x00000000efb83298,0x00000000f2d80000)
  to   space 70144K, 0% used [0x00000000f7300000,0x00000000f7300000,0x00000000fb780000)
 ParOldGen       total 376832K, used 149232K [0x0000000080000000, 0x0000000097000000, 0x00000000d5580000)
  object space 376832K, 39% used [0x0000000080000000,0x00000000891bc228,0x0000000097000000)
 Metaspace       used 109182K, capacity 115950K, committed 116172K, reserved 1148928K
  class space    used 14447K, capacity 15752K, committed 15860K, reserved 1048576K
Event: 25.950 GC heap after
Heap after GC invocations=18 (full 4):
 PSYoungGen      total 532992K, used 70139K [0x00000000d5580000, 0x00000000ff580000, 0x0000000100000000)
  eden space 462848K, 0% used [0x00000000d5580000,0x00000000d5580000,0x00000000f1980000)
  from space 70144K, 99% used [0x00000000f7300000,0x00000000fb77ede0,0x00000000fb780000)
  to   space 91648K, 0% used [0x00000000f1980000,0x00000000f1980000,0x00000000f7300000)
 ParOldGen       total 376832K, used 175535K [0x0000000080000000, 0x0000000097000000, 0x00000000d5580000)
  object space 376832K, 46% used [0x0000000080000000,0x000000008ab6bd08,0x0000000097000000)
 Metaspace       used 109182K, capacity 115950K, committed 116172K, reserved 1148928K
  class space    used 14447K, capacity 15752K, committed 15860K, reserved 1048576K
}

