# JRE version: OpenJDK Runtime Environment (8.0_242-b01) (build 1.8.0_242-release-1644-b01)
# Java VM: OpenJDK 64-Bit Server VM (25.242-b01 mixed mode windows-amd64 compressed oops)
Heap:
 PSYoungGen      total 217600K, used 7787K [0x00000000d5580000, 0x00000000e3980000, 0x0000000100000000)
  eden space 203776K, 3% used [0x00000000d5580000,0x00000000d5d1add0,0x00000000e1c80000)
  from space 13824K, 0% used [0x00000000e2c00000,0x00000000e2c00000,0x00000000e3980000)
  to   space 14848K, 0% used [0x00000000e1c80000,0x00000000e1c80000,0x00000000e2b00000)
 ParOldGen       total 99328K, used 37426K [0x0000000080000000, 0x0000000086100000, 0x00000000d5580000)
  object space 99328K, 37% used [0x0000000080000000,0x000000008248cac8,0x0000000086100000)
 Metaspace       used 56804K, capacity 59100K, committed 59480K, reserved 1101824K
  class space    used 7495K, capacity 7989K, committed 8064K, reserved 1048576K
GC Heap History (10 events):
Event: 3.739 GC heap before
{Heap before GC invocations=7 (full 1):
 PSYoungGen      total 140800K, used 42713K [0x00000000d5580000, 0x00000000e3b00000, 0x0000000100000000)
  eden space 130048K, 24% used [0x00000000d5580000,0x00000000d74b9148,0x00000000dd480000)
  from space 10752K, 99% used [0x00000000dd480000,0x00000000ddefd4e0,0x00000000ddf00000)
  to   space 15360K, 0% used [0x00000000e2c00000,0x00000000e2c00000,0x00000000e3b00000)
 ParOldGen       total 99328K, used 10685K [0x0000000080000000, 0x0000000086100000, 0x00000000d5580000)
  object space 99328K, 10% used [0x0000000080000000,0x0000000080a6f700,0x0000000086100000)
 Metaspace       used 34038K, capacity 35308K, committed 35456K, reserved 1079296K
  class space    used 4582K, capacity 4879K, committed 4992K, reserved 1048576K
Event: 3.744 GC heap after
Heap after GC invocations=7 (full 1):
 PSYoungGen      total 217600K, used 8638K [0x00000000d5580000, 0x00000000e3980000, 0x0000000100000000)
  eden space 203776K, 0% used [0x00000000d5580000,0x00000000d5580000,0x00000000e1c80000)
  from space 13824K, 62% used [0x00000000e2c00000,0x00000000e346f968,0x00000000e3980000)
  to   space 14848K, 0% used [0x00000000e1c80000,0x00000000e1c80000,0x00000000e2b00000)
 ParOldGen       total 99328K, used 10693K [0x0000000080000000, 0x0000000086100000, 0x00000000d5580000)
  object space 99328K, 10% used [0x0000000080000000,0x0000000080a71700,0x0000000086100000)
 Metaspace       used 34038K, capacity 35308K, committed 35456K, reserved 1079296K
  class space    used 4582K, capacity 4879K, committed 4992K, reserved 1048576K
}
Event: 3.744 GC heap before
{Heap before GC invocations=8 (full 2):
 PSYoungGen      total 217600K, used 8638K [0x00000000d5580000, 0x00000000e3980000, 0x0000000100000000)
  eden space 203776K, 0% used [0x00000000d5580000,0x00000000d5580000,0x00000000e1c80000)
  from space 13824K, 62% used [0x00000000e2c00000,0x00000000e346f968,0x00000000e3980000)
  to   space 14848K, 0% used [0x00000000e1c80000,0x00000000e1c80000,0x00000000e2b00000)
 ParOldGen       total 99328K, used 10693K [0x0000000080000000, 0x0000000086100000, 0x00000000d5580000)
  object space 99328K, 10% used [0x0000000080000000,0x0000000080a71700,0x0000000086100000)
 Metaspace       used 34038K, capacity 35308K, committed 35456K, reserved 1079296K
  class space    used 4582K, capacity 4879K, committed 4992K, reserved 1048576K
Event: 3.779 GC heap after
Heap after GC invocations=8 (full 2):
 PSYoungGen      total 217600K, used 0K [0x00000000d5580000, 0x00000000e3980000, 0x0000000100000000)
  eden space 203776K, 0% used [0x00000000d5580000,0x00000000d5580000,0x00000000e1c80000)
  from space 13824K, 0% used [0x00000000e2c00000,0x00000000e2c00000,0x00000000e3980000)
  to   space 14848K, 0% used [0x00000000e1c80000,0x00000000e1c80000,0x00000000e2b00000)
 ParOldGen       total 99328K, used 15170K [0x0000000080000000, 0x0000000086100000, 0x00000000d5580000)
  object space 99328K, 15% used [0x0000000080000000,0x0000000080ed08a0,0x0000000086100000)
 Metaspace       used 34038K, capacity 35308K, committed 35456K, reserved 1079296K
  class space    used 4582K, capacity 4879K, committed 4992K, reserved 1048576K
}
Event: 5.031 GC heap before
{Heap before GC invocations=9 (full 2):
 PSYoungGen      total 217600K, used 203776K [0x00000000d5580000, 0x00000000e3980000, 0x0000000100000000)
  eden space 203776K, 100% used [0x00000000d5580000,0x00000000e1c80000,0x00000000e1c80000)
  from space 13824K, 0% used [0x00000000e2c00000,0x00000000e2c00000,0x00000000e3980000)
  to   space 14848K, 0% used [0x00000000e1c80000,0x00000000e1c80000,0x00000000e2b00000)
 ParOldGen       total 99328K, used 15170K [0x0000000080000000, 0x0000000086100000, 0x00000000d5580000)
  object space 99328K, 15% used [0x0000000080000000,0x0000000080ed08a0,0x0000000086100000)
 Metaspace       used 46040K, capacity 48264K, committed 48640K, reserved 1091584K
  class space    used 6186K, capacity 6596K, committed 6656K, reserved 1048576K
Event: 5.043 GC heap after
Heap after GC invocations=9 (full 2):
 PSYoungGen      total 218624K, used 14830K [0x00000000d5580000, 0x00000000e3980000, 0x0000000100000000)
  eden space 203776K, 0% used [0x00000000d5580000,0x00000000d5580000,0x00000000e1c80000)
  from space 14848K, 99% used [0x00000000e1c80000,0x00000000e2afba38,0x00000000e2b00000)
  to   space 13824K, 0% used [0x00000000e2c00000,0x00000000e2c00000,0x00000000e3980000)
 ParOldGen       total 99328K, used 18694K [0x0000000080000000, 0x0000000086100000, 0x00000000d5580000)
  object space 99328K, 18% used [0x0000000080000000,0x0000000081241988,0x0000000086100000)
 Metaspace       used 46040K, capacity 48264K, committed 48640K, reserved 1091584K
  class space    used 6186K, capacity 6596K, committed 6656K, reserved 1048576K
}
Event: 5.803 GC heap before
{Heap before GC invocations=10 (full 2):
 PSYoungGen      total 218624K, used 144785K [0x00000000d5580000, 0x00000000e3980000, 0x0000000100000000)
  eden space 203776K, 63% used [0x00000000d5580000,0x00000000dd468cc8,0x00000000e1c80000)
  from space 14848K, 99% used [0x00000000e1c80000,0x00000000e2afba38,0x00000000e2b00000)
  to   space 13824K, 0% used [0x00000000e2c00000,0x00000000e2c00000,0x00000000e3980000)
 ParOldGen       total 99328K, used 18694K [0x0000000080000000, 0x0000000086100000, 0x00000000d5580000)
  object space 99328K, 18% used [0x0000000080000000,0x0000000081241988,0x0000000086100000)
 Metaspace       used 56555K, capacity 59046K, committed 59096K, reserved 1099776K
  class space    used 7465K, capacity 7928K, committed 7936K, reserved 1048576K
Event: 5.819 GC heap after
Heap after GC invocations=10 (full 2):
 PSYoungGen      total 217600K, used 13808K [0x00000000d5580000, 0x00000000e3980000, 0x0000000100000000)
  eden space 203776K, 0% used [0x00000000d5580000,0x00000000d5580000,0x00000000e1c80000)
  from space 13824K, 99% used [0x00000000e2c00000,0x00000000e397c3c0,0x00000000e3980000)
  to   space 14848K, 0% used [0x00000000e1c80000,0x00000000e1c80000,0x00000000e2b00000)
 ParOldGen       total 99328K, used 28863K [0x0000000080000000, 0x0000000086100000, 0x00000000d5580000)
  object space 99328K, 29% used [0x0000000080000000,0x0000000081c2ff80,0x0000000086100000)
 Metaspace       used 56555K, capacity 59046K, committed 59096K, reserved 1099776K
  class space    used 7465K, capacity 7928K, committed 7936K, reserved 1048576K
}
Event: 5.819 GC heap before
{Heap before GC invocations=11 (full 3):
 PSYoungGen      total 217600K, used 13808K [0x00000000d5580000, 0x00000000e3980000, 0x0000000100000000)
  eden space 203776K, 0% used [0x00000000d5580000,0x00000000d5580000,0x00000000e1c80000)
  from space 13824K, 99% used [0x00000000e2c00000,0x00000000e397c3c0,0x00000000e3980000)
  to   space 14848K, 0% used [0x00000000e1c80000,0x00000000e1c80000,0x00000000e2b00000)
 ParOldGen       total 99328K, used 28863K [0x0000000080000000, 0x0000000086100000, 0x00000000d5580000)
  object space 99328K, 29% used [0x0000000080000000,0x0000000081c2ff80,0x0000000086100000)
 Metaspace       used 56555K, capacity 59046K, committed 59096K, reserved 1099776K
  class space    used 7465K, capacity 7928K, committed 7936K, reserved 1048576K
Event: 5.969 GC heap after
Heap after GC invocations=11 (full 3):
 PSYoungGen      total 217600K, used 0K [0x00000000d5580000, 0x00000000e3980000, 0x0000000100000000)
  eden space 203776K, 0% used [0x00000000d5580000,0x00000000d5580000,0x00000000e1c80000)
  from space 13824K, 0% used [0x00000000e2c00000,0x00000000e2c00000,0x00000000e3980000)
  to   space 14848K, 0% used [0x00000000e1c80000,0x00000000e1c80000,0x00000000e2b00000)
 ParOldGen       total 99328K, used 37426K [0x0000000080000000, 0x0000000086100000, 0x00000000d5580000)
  object space 99328K, 37% used [0x0000000080000000,0x000000008248cac8,0x0000000086100000)
 Metaspace       used 56450K, capacity 58700K, committed 59096K, reserved 1099776K
  class space    used 7433K, capacity 7877K, committed 7936K, reserved 1048576K
}

