# JRE version: OpenJDK Runtime Environment (8.0_242-b01) (build 1.8.0_242-release-1644-b01)
# Java VM: OpenJDK 64-Bit Server VM (25.242-b01 mixed mode windows-amd64 compressed oops)
Heap:
 PSYoungGen      total 340480K, used 6569K [0x00000000d5580000, 0x00000000ec400000, 0x0000000100000000)
  eden space 321536K, 2% used [0x00000000d5580000,0x00000000d5bea450,0x00000000e8f80000)
  from space 18944K, 0% used [0x00000000ea600000,0x00000000ea600000,0x00000000eb880000)
  to   space 23040K, 0% used [0x00000000e8f80000,0x00000000e8f80000,0x00000000ea600000)
 ParOldGen       total 214528K, used 36163K [0x0000000080000000, 0x000000008d180000, 0x00000000d5580000)
  object space 214528K, 16% used [0x0000000080000000,0x0000000082350db0,0x000000008d180000)
 Metaspace       used 56547K, capacity 58804K, committed 59224K, reserved 1099776K
  class space    used 7468K, capacity 7911K, committed 8064K, reserved 1048576K
GC Heap History (10 events):
Event: 3.176 GC heap before
{Heap before GC invocations=7 (full 1):
 PSYoungGen      total 140800K, used 50387K [0x00000000d5580000, 0x00000000e4580000, 0x0000000100000000)
  eden space 130048K, 30% used [0x00000000d5580000,0x00000000d7c394b8,0x00000000dd480000)
  from space 10752K, 99% used [0x00000000dd480000,0x00000000ddefb7e8,0x00000000ddf00000)
  to   space 14848K, 0% used [0x00000000e3700000,0x00000000e3700000,0x00000000e4580000)
 ParOldGen       total 93696K, used 9995K [0x0000000080000000, 0x0000000085b80000, 0x00000000d5580000)
  object space 93696K, 10% used [0x0000000080000000,0x00000000809c2ca8,0x0000000085b80000)
 Metaspace       used 34048K, capacity 35404K, committed 35456K, reserved 1079296K
  class space    used 4611K, capacity 4977K, committed 4992K, reserved 1048576K
Event: 3.181 GC heap after
Heap after GC invocations=7 (full 1):
 PSYoungGen      total 228864K, used 9136K [0x00000000d5580000, 0x00000000e4400000, 0x0000000100000000)
  eden space 215552K, 0% used [0x00000000d5580000,0x00000000d5580000,0x00000000e2800000)
  from space 13312K, 68% used [0x00000000e3700000,0x00000000e3fec228,0x00000000e4400000)
  to   space 14336K, 0% used [0x00000000e2800000,0x00000000e2800000,0x00000000e3600000)
 ParOldGen       total 93696K, used 10003K [0x0000000080000000, 0x0000000085b80000, 0x00000000d5580000)
  object space 93696K, 10% used [0x0000000080000000,0x00000000809c4ca8,0x0000000085b80000)
 Metaspace       used 34048K, capacity 35404K, committed 35456K, reserved 1079296K
  class space    used 4611K, capacity 4977K, committed 4992K, reserved 1048576K
}
Event: 3.181 GC heap before
{Heap before GC invocations=8 (full 2):
 PSYoungGen      total 228864K, used 9136K [0x00000000d5580000, 0x00000000e4400000, 0x0000000100000000)
  eden space 215552K, 0% used [0x00000000d5580000,0x00000000d5580000,0x00000000e2800000)
  from space 13312K, 68% used [0x00000000e3700000,0x00000000e3fec228,0x00000000e4400000)
  to   space 14336K, 0% used [0x00000000e2800000,0x00000000e2800000,0x00000000e3600000)
 ParOldGen       total 93696K, used 10003K [0x0000000080000000, 0x0000000085b80000, 0x00000000d5580000)
  object space 93696K, 10% used [0x0000000080000000,0x00000000809c4ca8,0x0000000085b80000)
 Metaspace       used 34048K, capacity 35404K, committed 35456K, reserved 1079296K
  class space    used 4611K, capacity 4977K, committed 4992K, reserved 1048576K
Event: 3.209 GC heap after
Heap after GC invocations=8 (full 2):
 PSYoungGen      total 228864K, used 0K [0x00000000d5580000, 0x00000000e4400000, 0x0000000100000000)
  eden space 215552K, 0% used [0x00000000d5580000,0x00000000d5580000,0x00000000e2800000)
  from space 13312K, 0% used [0x00000000e3700000,0x00000000e3700000,0x00000000e4400000)
  to   space 14336K, 0% used [0x00000000e2800000,0x00000000e2800000,0x00000000e3600000)
 ParOldGen       total 142336K, used 15643K [0x0000000080000000, 0x0000000088b00000, 0x00000000d5580000)
  object space 142336K, 10% used [0x0000000080000000,0x0000000080f46da8,0x0000000088b00000)
 Metaspace       used 34048K, capacity 35404K, committed 35456K, reserved 1079296K
  class space    used 4611K, capacity 4977K, committed 4992K, reserved 1048576K
}
Event: 4.441 GC heap before
{Heap before GC invocations=9 (full 2):
 PSYoungGen      total 228864K, used 215552K [0x00000000d5580000, 0x00000000e4400000, 0x0000000100000000)
  eden space 215552K, 100% used [0x00000000d5580000,0x00000000e2800000,0x00000000e2800000)
  from space 13312K, 0% used [0x00000000e3700000,0x00000000e3700000,0x00000000e4400000)
  to   space 14336K, 0% used [0x00000000e2800000,0x00000000e2800000,0x00000000e3600000)
 ParOldGen       total 142336K, used 15643K [0x0000000080000000, 0x0000000088b00000, 0x00000000d5580000)
  object space 142336K, 10% used [0x0000000080000000,0x0000000080f46da8,0x0000000088b00000)
 Metaspace       used 48251K, capacity 50480K, committed 50688K, reserved 1093632K
  class space    used 6435K, capacity 6860K, committed 6912K, reserved 1048576K
Event: 4.456 GC heap after
Heap after GC invocations=9 (full 2):
 PSYoungGen      total 229888K, used 14330K [0x00000000d5580000, 0x00000000eb880000, 0x0000000100000000)
  eden space 215552K, 0% used [0x00000000d5580000,0x00000000d5580000,0x00000000e2800000)
  from space 14336K, 99% used [0x00000000e2800000,0x00000000e35fea28,0x00000000e3600000)
  to   space 18944K, 0% used [0x00000000ea600000,0x00000000ea600000,0x00000000eb880000)
 ParOldGen       total 142336K, used 21314K [0x0000000080000000, 0x0000000088b00000, 0x00000000d5580000)
  object space 142336K, 14% used [0x0000000080000000,0x00000000814d09b8,0x0000000088b00000)
 Metaspace       used 48251K, capacity 50480K, committed 50688K, reserved 1093632K
  class space    used 6435K, capacity 6860K, committed 6912K, reserved 1048576K
}
Event: 5.118 GC heap before
{Heap before GC invocations=10 (full 2):
 PSYoungGen      total 229888K, used 133731K [0x00000000d5580000, 0x00000000eb880000, 0x0000000100000000)
  eden space 215552K, 55% used [0x00000000d5580000,0x00000000dca1a3c8,0x00000000e2800000)
  from space 14336K, 99% used [0x00000000e2800000,0x00000000e35fea28,0x00000000e3600000)
  to   space 18944K, 0% used [0x00000000ea600000,0x00000000ea600000,0x00000000eb880000)
 ParOldGen       total 142336K, used 21314K [0x0000000080000000, 0x0000000088b00000, 0x00000000d5580000)
  object space 142336K, 14% used [0x0000000080000000,0x00000000814d09b8,0x0000000088b00000)
 Metaspace       used 56486K, capacity 58948K, committed 59096K, reserved 1099776K
  class space    used 7468K, capacity 7923K, committed 7936K, reserved 1048576K
Event: 5.133 GC heap after
Heap after GC invocations=10 (full 2):
 PSYoungGen      total 340480K, used 18942K [0x00000000d5580000, 0x00000000ec400000, 0x0000000100000000)
  eden space 321536K, 0% used [0x00000000d5580000,0x00000000d5580000,0x00000000e8f80000)
  from space 18944K, 99% used [0x00000000ea600000,0x00000000eb87faa8,0x00000000eb880000)
  to   space 23040K, 0% used [0x00000000e8f80000,0x00000000e8f80000,0x00000000ea600000)
 ParOldGen       total 142336K, used 24859K [0x0000000080000000, 0x0000000088b00000, 0x00000000d5580000)
  object space 142336K, 17% used [0x0000000080000000,0x0000000081846ed8,0x0000000088b00000)
 Metaspace       used 56486K, capacity 58948K, committed 59096K, reserved 1099776K
  class space    used 7468K, capacity 7923K, committed 7936K, reserved 1048576K
}
Event: 5.133 GC heap before
{Heap before GC invocations=11 (full 3):
 PSYoungGen      total 340480K, used 18942K [0x00000000d5580000, 0x00000000ec400000, 0x0000000100000000)
  eden space 321536K, 0% used [0x00000000d5580000,0x00000000d5580000,0x00000000e8f80000)
  from space 18944K, 99% used [0x00000000ea600000,0x00000000eb87faa8,0x00000000eb880000)
  to   space 23040K, 0% used [0x00000000e8f80000,0x00000000e8f80000,0x00000000ea600000)
 ParOldGen       total 142336K, used 24859K [0x0000000080000000, 0x0000000088b00000, 0x00000000d5580000)
  object space 142336K, 17% used [0x0000000080000000,0x0000000081846ed8,0x0000000088b00000)
 Metaspace       used 56486K, capacity 58948K, committed 59096K, reserved 1099776K
  class space    used 7468K, capacity 7923K, committed 7936K, reserved 1048576K
Event: 5.282 GC heap after
Heap after GC invocations=11 (full 3):
 PSYoungGen      total 340480K, used 0K [0x00000000d5580000, 0x00000000ec400000, 0x0000000100000000)
  eden space 321536K, 0% used [0x00000000d5580000,0x00000000d5580000,0x00000000e8f80000)
  from space 18944K, 0% used [0x00000000ea600000,0x00000000ea600000,0x00000000eb880000)
  to   space 23040K, 0% used [0x00000000e8f80000,0x00000000e8f80000,0x00000000ea600000)
 ParOldGen       total 214528K, used 36163K [0x0000000080000000, 0x000000008d180000, 0x00000000d5580000)
  object space 214528K, 16% used [0x0000000080000000,0x0000000082350db0,0x000000008d180000)
 Metaspace       used 56390K, capacity 58632K, committed 59096K, reserved 1099776K
  class space    used 7439K, capacity 7877K, committed 7936K, reserved 1048576K
}

