# JRE version: OpenJDK Runtime Environment (8.0_242-b01) (build 1.8.0_242-release-1644-b01)
# Java VM: OpenJDK 64-Bit Server VM (25.242-b01 mixed mode windows-amd64 compressed oops)
Heap:
 PSYoungGen      total 615424K, used 59955K [0x00000000d5580000, 0x00000000ffb80000, 0x0000000100000000)
  eden space 537600K, 1% used [0x00000000d5580000,0x00000000d5bdc860,0x00000000f6280000)
  from space 77824K, 68% used [0x00000000f6280000,0x00000000f96b0498,0x00000000fae80000)
  to   space 78848K, 0% used [0x00000000fae80000,0x00000000fae80000,0x00000000ffb80000)
 ParOldGen       total 338432K, used 160993K [0x0000000080000000, 0x0000000094a80000, 0x00000000d5580000)
  object space 338432K, 47% used [0x0000000080000000,0x0000000089d38530,0x0000000094a80000)
 Metaspace       used 145526K, capacity 151739K, committed 152216K, reserved 1181696K
  class space    used 18380K, capacity 19583K, committed 19632K, reserved 1048576K
GC Heap History (10 events):
Event: 93.812 GC heap before
{Heap before GC invocations=34 (full 4):
 PSYoungGen      total 545792K, used 545723K [0x00000000d5580000, 0x00000000ffd00000, 0x0000000100000000)
  eden space 531456K, 100% used [0x00000000d5580000,0x00000000f5c80000,0x00000000f5c80000)
  from space 14336K, 99% used [0x00000000f5c80000,0x00000000f6a6ece8,0x00000000f6a80000)
  to   space 81920K, 0% used [0x00000000fad00000,0x00000000fad00000,0x00000000ffd00000)
 ParOldGen       total 338432K, used 281405K [0x0000000080000000, 0x0000000094a80000, 0x00000000d5580000)
  object space 338432K, 83% used [0x0000000080000000,0x00000000912cf460,0x0000000094a80000)
 Metaspace       used 145522K, capacity 151881K, committed 152216K, reserved 1181696K
  class space    used 18392K, capacity 19608K, committed 19632K, reserved 1048576K
Event: 93.832 GC heap after
Heap after GC invocations=34 (full 4):
 PSYoungGen      total 614912K, used 8910K [0x00000000d5580000, 0x0000000100000000, 0x0000000100000000)
  eden space 532992K, 0% used [0x00000000d5580000,0x00000000d5580000,0x00000000f5e00000)
  from space 81920K, 10% used [0x00000000fad00000,0x00000000fb5b3950,0x00000000ffd00000)
  to   space 80896K, 0% used [0x00000000f5e00000,0x00000000f5e00000,0x00000000fad00000)
 ParOldGen       total 338432K, used 289136K [0x0000000080000000, 0x0000000094a80000, 0x00000000d5580000)
  object space 338432K, 85% used [0x0000000080000000,0x0000000091a5c3f0,0x0000000094a80000)
 Metaspace       used 145522K, capacity 151881K, committed 152216K, reserved 1181696K
  class space    used 18392K, capacity 19608K, committed 19632K, reserved 1048576K
}
Event: 94.741 GC heap before
{Heap before GC invocations=35 (full 4):
 PSYoungGen      total 614912K, used 541902K [0x00000000d5580000, 0x0000000100000000, 0x0000000100000000)
  eden space 532992K, 100% used [0x00000000d5580000,0x00000000f5e00000,0x00000000f5e00000)
  from space 81920K, 10% used [0x00000000fad00000,0x00000000fb5b3950,0x00000000ffd00000)
  to   space 80896K, 0% used [0x00000000f5e00000,0x00000000f5e00000,0x00000000fad00000)
 ParOldGen       total 338432K, used 289136K [0x0000000080000000, 0x0000000094a80000, 0x00000000d5580000)
  object space 338432K, 85% used [0x0000000080000000,0x0000000091a5c3f0,0x0000000094a80000)
 Metaspace       used 145563K, capacity 151927K, committed 152216K, reserved 1181696K
  class space    used 18399K, capacity 19617K, committed 19632K, reserved 1048576K
Event: 94.761 GC heap after
Heap after GC invocations=35 (full 4):
 PSYoungGen      total 613888K, used 8421K [0x00000000d5580000, 0x00000000ffc00000, 0x0000000100000000)
  eden space 532992K, 0% used [0x00000000d5580000,0x00000000d5580000,0x00000000f5e00000)
  from space 80896K, 10% used [0x00000000f5e00000,0x00000000f66394b0,0x00000000fad00000)
  to   space 79360K, 0% used [0x00000000fae80000,0x00000000fae80000,0x00000000ffc00000)
 ParOldGen       total 338432K, used 296167K [0x0000000080000000, 0x0000000094a80000, 0x00000000d5580000)
  object space 338432K, 87% used [0x0000000080000000,0x0000000092139fe8,0x0000000094a80000)
 Metaspace       used 145563K, capacity 151927K, committed 152216K, reserved 1181696K
  class space    used 18399K, capacity 19617K, committed 19632K, reserved 1048576K
}
Event: 96.602 GC heap before
{Heap before GC invocations=36 (full 4):
 PSYoungGen      total 613888K, used 541413K [0x00000000d5580000, 0x00000000ffc00000, 0x0000000100000000)
  eden space 532992K, 100% used [0x00000000d5580000,0x00000000f5e00000,0x00000000f5e00000)
  from space 80896K, 10% used [0x00000000f5e00000,0x00000000f66394b0,0x00000000fad00000)
  to   space 79360K, 0% used [0x00000000fae80000,0x00000000fae80000,0x00000000ffc00000)
 ParOldGen       total 338432K, used 296167K [0x0000000080000000, 0x0000000094a80000, 0x00000000d5580000)
  object space 338432K, 87% used [0x0000000080000000,0x0000000092139fe8,0x0000000094a80000)
 Metaspace       used 145579K, capacity 151927K, committed 152216K, reserved 1181696K
  class space    used 18399K, capacity 19617K, committed 19632K, reserved 1048576K
Event: 96.616 GC heap after
Heap after GC invocations=36 (full 4):
 PSYoungGen      total 616448K, used 7136K [0x00000000d5580000, 0x00000000ffb80000, 0x0000000100000000)
  eden space 537600K, 0% used [0x00000000d5580000,0x00000000d5580000,0x00000000f6280000)
  from space 78848K, 9% used [0x00000000fae80000,0x00000000fb578010,0x00000000ffb80000)
  to   space 77824K, 0% used [0x00000000f6280000,0x00000000f6280000,0x00000000fae80000)
 ParOldGen       total 338432K, used 301970K [0x0000000080000000, 0x0000000094a80000, 0x00000000d5580000)
  object space 338432K, 89% used [0x0000000080000000,0x00000000926e4a28,0x0000000094a80000)
 Metaspace       used 145579K, capacity 151927K, committed 152216K, reserved 1181696K
  class space    used 18399K, capacity 19617K, committed 19632K, reserved 1048576K
}
Event: 96.616 GC heap before
{Heap before GC invocations=37 (full 5):
 PSYoungGen      total 616448K, used 7136K [0x00000000d5580000, 0x00000000ffb80000, 0x0000000100000000)
  eden space 537600K, 0% used [0x00000000d5580000,0x00000000d5580000,0x00000000f6280000)
  from space 78848K, 9% used [0x00000000fae80000,0x00000000fb578010,0x00000000ffb80000)
  to   space 77824K, 0% used [0x00000000f6280000,0x00000000f6280000,0x00000000fae80000)
 ParOldGen       total 338432K, used 301970K [0x0000000080000000, 0x0000000094a80000, 0x00000000d5580000)
  object space 338432K, 89% used [0x0000000080000000,0x00000000926e4a28,0x0000000094a80000)
 Metaspace       used 145579K, capacity 151927K, committed 152216K, reserved 1181696K
  class space    used 18399K, capacity 19617K, committed 19632K, reserved 1048576K
Event: 96.907 GC heap after
Heap after GC invocations=37 (full 5):
 PSYoungGen      total 616448K, used 0K [0x00000000d5580000, 0x00000000ffb80000, 0x0000000100000000)
  eden space 537600K, 0% used [0x00000000d5580000,0x00000000d5580000,0x00000000f6280000)
  from space 78848K, 0% used [0x00000000fae80000,0x00000000fae80000,0x00000000ffb80000)
  to   space 77824K, 0% used [0x00000000f6280000,0x00000000f6280000,0x00000000fae80000)
 ParOldGen       total 338432K, used 160985K [0x0000000080000000, 0x0000000094a80000, 0x00000000d5580000)
  object space 338432K, 47% used [0x0000000080000000,0x0000000089d36530,0x0000000094a80000)
 Metaspace       used 145500K, capacity 151725K, committed 152216K, reserved 1181696K
  class space    used 18377K, capacity 19578K, committed 19632K, reserved 1048576K
}
Event: 99.298 GC heap before
{Heap before GC invocations=38 (full 5):
 PSYoungGen      total 616448K, used 537600K [0x00000000d5580000, 0x00000000ffb80000, 0x0000000100000000)
  eden space 537600K, 100% used [0x00000000d5580000,0x00000000f6280000,0x00000000f6280000)
  from space 78848K, 0% used [0x00000000fae80000,0x00000000fae80000,0x00000000ffb80000)
  to   space 77824K, 0% used [0x00000000f6280000,0x00000000f6280000,0x00000000fae80000)
 ParOldGen       total 338432K, used 160985K [0x0000000080000000, 0x0000000094a80000, 0x00000000d5580000)
  object space 338432K, 47% used [0x0000000080000000,0x0000000089d36530,0x0000000094a80000)
 Metaspace       used 145525K, capacity 151739K, committed 152216K, reserved 1181696K
  class space    used 18380K, capacity 19583K, committed 19632K, reserved 1048576K
Event: 99.329 GC heap after
Heap after GC invocations=38 (full 5):
 PSYoungGen      total 615424K, used 53441K [0x00000000d5580000, 0x00000000ffb80000, 0x0000000100000000)
  eden space 537600K, 0% used [0x00000000d5580000,0x00000000d5580000,0x00000000f6280000)
  from space 77824K, 68% used [0x00000000f6280000,0x00000000f96b0498,0x00000000fae80000)
  to   space 78848K, 0% used [0x00000000fae80000,0x00000000fae80000,0x00000000ffb80000)
 ParOldGen       total 338432K, used 160993K [0x0000000080000000, 0x0000000094a80000, 0x00000000d5580000)
  object space 338432K, 47% used [0x0000000080000000,0x0000000089d38530,0x0000000094a80000)
 Metaspace       used 145525K, capacity 151739K, committed 152216K, reserved 1181696K
  class space    used 18380K, capacity 19583K, committed 19632K, reserved 1048576K
}

