# JRE version: OpenJDK Runtime Environment (8.0_242-b01) (build 1.8.0_242-release-1644-b01)
# Java VM: OpenJDK 64-Bit Server VM (25.242-b01 mixed mode windows-amd64 compressed oops)
Heap:
 PSYoungGen      total 453632K, used 128456K [0x00000000d5580000, 0x00000000fa480000, 0x0000000100000000)
  eden space 418304K, 22% used [0x00000000d5580000,0x00000000db079cf8,0x00000000eee00000)
  from space 35328K, 99% used [0x00000000eee00000,0x00000000f10786e8,0x00000000f1080000)
  to   space 60416K, 0% used [0x00000000f6980000,0x00000000f6980000,0x00000000fa480000)
 ParOldGen       total 323584K, used 111680K [0x0000000080000000, 0x0000000093c00000, 0x00000000d5580000)
  object space 323584K, 34% used [0x0000000080000000,0x0000000086d10350,0x0000000093c00000)
 Metaspace       used 101735K, capacity 107528K, committed 107852K, reserved 1142784K
  class space    used 13419K, capacity 14583K, committed 14708K, reserved 1048576K
GC Heap History (10 events):
Event: 40.426 GC heap before
{Heap before GC invocations=13 (full 3):
 PSYoungGen      total 345600K, used 345592K [0x00000000d5580000, 0x00000000f0280000, 0x0000000100000000)
  eden space 321536K, 100% used [0x00000000d5580000,0x00000000e8f80000,0x00000000e8f80000)
  from space 24064K, 99% used [0x00000000e8f80000,0x00000000ea6fe110,0x00000000ea700000)
  to   space 28672K, 0% used [0x00000000ee680000,0x00000000ee680000,0x00000000f0280000)
 ParOldGen       total 215552K, used 40896K [0x0000000080000000, 0x000000008d280000, 0x00000000d5580000)
  object space 215552K, 18% used [0x0000000080000000,0x00000000827f02d8,0x000000008d280000)
 Metaspace       used 85712K, capacity 90656K, committed 90840K, reserved 1128448K
  class space    used 11470K, capacity 12466K, committed 12544K, reserved 1048576K
Event: 40.452 GC heap after
Heap after GC invocations=13 (full 3):
 PSYoungGen      total 399872K, used 28671K [0x00000000d5580000, 0x00000000f0b00000, 0x0000000100000000)
  eden space 371200K, 0% used [0x00000000d5580000,0x00000000d5580000,0x00000000ec000000)
  from space 28672K, 99% used [0x00000000ee680000,0x00000000f027fdb0,0x00000000f0280000)
  to   space 38400K, 0% used [0x00000000ec000000,0x00000000ec000000,0x00000000ee580000)
 ParOldGen       total 215552K, used 55697K [0x0000000080000000, 0x000000008d280000, 0x00000000d5580000)
  object space 215552K, 25% used [0x0000000080000000,0x0000000083664570,0x000000008d280000)
 Metaspace       used 85712K, capacity 90656K, committed 90840K, reserved 1128448K
  class space    used 11470K, capacity 12466K, committed 12544K, reserved 1048576K
}
Event: 1142.207 GC heap before
{Heap before GC invocations=14 (full 3):
 PSYoungGen      total 399872K, used 296738K [0x00000000d5580000, 0x00000000f0b00000, 0x0000000100000000)
  eden space 371200K, 72% used [0x00000000d5580000,0x00000000e5b48b10,0x00000000ec000000)
  from space 28672K, 99% used [0x00000000ee680000,0x00000000f027fdb0,0x00000000f0280000)
  to   space 38400K, 0% used [0x00000000ec000000,0x00000000ec000000,0x00000000ee580000)
 ParOldGen       total 215552K, used 55697K [0x0000000080000000, 0x000000008d280000, 0x00000000d5580000)
  object space 215552K, 25% used [0x0000000080000000,0x0000000083664570,0x000000008d280000)
 Metaspace       used 92587K, capacity 98212K, committed 98380K, reserved 1134592K
  class space    used 12209K, capacity 13318K, committed 13428K, reserved 1048576K
Event: 1142.232 GC heap after
Heap after GC invocations=14 (full 3):
 PSYoungGen      total 409600K, used 15559K [0x00000000d5580000, 0x00000000f3400000, 0x0000000100000000)
  eden space 371200K, 0% used [0x00000000d5580000,0x00000000d5580000,0x00000000ec000000)
  from space 38400K, 40% used [0x00000000ec000000,0x00000000ecf31e20,0x00000000ee580000)
  to   space 36352K, 0% used [0x00000000f1080000,0x00000000f1080000,0x00000000f3400000)
 ParOldGen       total 215552K, used 82855K [0x0000000080000000, 0x000000008d280000, 0x00000000d5580000)
  object space 215552K, 38% used [0x0000000080000000,0x00000000850e9d68,0x000000008d280000)
 Metaspace       used 92587K, capacity 98212K, committed 98380K, reserved 1134592K
  class space    used 12209K, capacity 13318K, committed 13428K, reserved 1048576K
}
Event: 1142.232 GC heap before
{Heap before GC invocations=15 (full 4):
 PSYoungGen      total 409600K, used 15559K [0x00000000d5580000, 0x00000000f3400000, 0x0000000100000000)
  eden space 371200K, 0% used [0x00000000d5580000,0x00000000d5580000,0x00000000ec000000)
  from space 38400K, 40% used [0x00000000ec000000,0x00000000ecf31e20,0x00000000ee580000)
  to   space 36352K, 0% used [0x00000000f1080000,0x00000000f1080000,0x00000000f3400000)
 ParOldGen       total 215552K, used 82855K [0x0000000080000000, 0x000000008d280000, 0x00000000d5580000)
  object space 215552K, 38% used [0x0000000080000000,0x00000000850e9d68,0x000000008d280000)
 Metaspace       used 92587K, capacity 98212K, committed 98380K, reserved 1134592K
  class space    used 12209K, capacity 13318K, committed 13428K, reserved 1048576K
Event: 1142.347 GC heap after
Heap after GC invocations=15 (full 4):
 PSYoungGen      total 409600K, used 0K [0x00000000d5580000, 0x00000000f3400000, 0x0000000100000000)
  eden space 371200K, 0% used [0x00000000d5580000,0x00000000d5580000,0x00000000ec000000)
  from space 38400K, 0% used [0x00000000ec000000,0x00000000ec000000,0x00000000ee580000)
  to   space 36352K, 0% used [0x00000000f1080000,0x00000000f1080000,0x00000000f3400000)
 ParOldGen       total 323584K, used 56545K [0x0000000080000000, 0x0000000093c00000, 0x00000000d5580000)
  object space 323584K, 17% used [0x0000000080000000,0x0000000083738490,0x0000000093c00000)
 Metaspace       used 92083K, capacity 96704K, committed 98380K, reserved 1134592K
  class space    used 12050K, capacity 13042K, committed 13428K, reserved 1048576K
}
Event: 1149.110 GC heap before
{Heap before GC invocations=16 (full 4):
 PSYoungGen      total 409600K, used 371200K [0x00000000d5580000, 0x00000000f3400000, 0x0000000100000000)
  eden space 371200K, 100% used [0x00000000d5580000,0x00000000ec000000,0x00000000ec000000)
  from space 38400K, 0% used [0x00000000ec000000,0x00000000ec000000,0x00000000ee580000)
  to   space 36352K, 0% used [0x00000000f1080000,0x00000000f1080000,0x00000000f3400000)
 ParOldGen       total 323584K, used 56545K [0x0000000080000000, 0x0000000093c00000, 0x00000000d5580000)
  object space 323584K, 17% used [0x0000000080000000,0x0000000083738490,0x0000000093c00000)
 Metaspace       used 96258K, capacity 101142K, committed 102348K, reserved 1138688K
  class space    used 12559K, capacity 13604K, committed 13812K, reserved 1048576K
Event: 1149.126 GC heap after
Heap after GC invocations=16 (full 4):
 PSYoungGen      total 454656K, used 19209K [0x00000000d5580000, 0x00000000f3480000, 0x0000000100000000)
  eden space 418304K, 0% used [0x00000000d5580000,0x00000000d5580000,0x00000000eee00000)
  from space 36352K, 52% used [0x00000000f1080000,0x00000000f23424d0,0x00000000f3400000)
  to   space 35328K, 0% used [0x00000000eee00000,0x00000000eee00000,0x00000000f1080000)
 ParOldGen       total 323584K, used 56553K [0x0000000080000000, 0x0000000093c00000, 0x00000000d5580000)
  object space 323584K, 17% used [0x0000000080000000,0x000000008373a490,0x0000000093c00000)
 Metaspace       used 96258K, capacity 101142K, committed 102348K, reserved 1138688K
  class space    used 12559K, capacity 13604K, committed 13812K, reserved 1048576K
}
Event: 1153.103 GC heap before
{Heap before GC invocations=17 (full 4):
 PSYoungGen      total 454656K, used 437496K [0x00000000d5580000, 0x00000000f3480000, 0x0000000100000000)
  eden space 418304K, 99% used [0x00000000d5580000,0x00000000eedfbc70,0x00000000eee00000)
  from space 36352K, 52% used [0x00000000f1080000,0x00000000f23424d0,0x00000000f3400000)
  to   space 35328K, 0% used [0x00000000eee00000,0x00000000eee00000,0x00000000f1080000)
 ParOldGen       total 323584K, used 56553K [0x0000000080000000, 0x0000000093c00000, 0x00000000d5580000)
  object space 323584K, 17% used [0x0000000080000000,0x000000008373a490,0x0000000093c00000)
 Metaspace       used 101550K, capacity 107288K, committed 107468K, reserved 1142784K
  class space    used 13401K, capacity 14575K, committed 14580K, reserved 1048576K
Event: 1153.171 GC heap after
Heap after GC invocations=17 (full 4):
 PSYoungGen      total 453632K, used 35297K [0x00000000d5580000, 0x00000000fa480000, 0x0000000100000000)
  eden space 418304K, 0% used [0x00000000d5580000,0x00000000d5580000,0x00000000eee00000)
  from space 35328K, 99% used [0x00000000eee00000,0x00000000f10786e8,0x00000000f1080000)
  to   space 60416K, 0% used [0x00000000f6980000,0x00000000f6980000,0x00000000fa480000)
 ParOldGen       total 323584K, used 111680K [0x0000000080000000, 0x0000000093c00000, 0x00000000d5580000)
  object space 323584K, 34% used [0x0000000080000000,0x0000000086d10350,0x0000000093c00000)
 Metaspace       used 101550K, capacity 107288K, committed 107468K, reserved 1142784K
  class space    used 13401K, capacity 14575K, committed 14580K, reserved 1048576K
}

