# JRE version: OpenJDK Runtime Environment (8.0_242-b01) (build 1.8.0_242-release-1644-b01)
# Java VM: OpenJDK 64-Bit Server VM (25.242-b01 mixed mode windows-amd64 compressed oops)
Heap:
 PSYoungGen      total 376320K, used 216637K [0x00000000d5580000, 0x00000000ee580000, 0x0000000100000000)
  eden space 362496K, 59% used [0x00000000d5580000,0x00000000e27099b8,0x00000000eb780000)
  from space 13824K, 14% used [0x00000000ed800000,0x00000000eda05b98,0x00000000ee580000)
  to   space 23552K, 0% used [0x00000000eb780000,0x00000000eb780000,0x00000000ece80000)
 ParOldGen       total 143360K, used 37171K [0x0000000080000000, 0x0000000088c00000, 0x00000000d5580000)
  object space 143360K, 25% used [0x0000000080000000,0x000000008244cda0,0x0000000088c00000)
 Metaspace       used 62739K, capacity 65230K, committed 65432K, reserved 1105920K
  class space    used 8557K, capacity 9056K, committed 9136K, reserved 1048576K
GC Heap History (10 events):
Event: 3.738 GC heap before
{Heap before GC invocations=9 (full 2):
 PSYoungGen      total 231424K, used 216064K [0x00000000d5580000, 0x00000000e4c00000, 0x0000000100000000)
  eden space 216064K, 100% used [0x00000000d5580000,0x00000000e2880000,0x00000000e2880000)
  from space 15360K, 0% used [0x00000000e3700000,0x00000000e3700000,0x00000000e4600000)
  to   space 14848K, 0% used [0x00000000e2880000,0x00000000e2880000,0x00000000e3700000)
 ParOldGen       total 143360K, used 14726K [0x0000000080000000, 0x0000000088c00000, 0x00000000d5580000)
  object space 143360K, 10% used [0x0000000080000000,0x0000000080e61af8,0x0000000088c00000)
 Metaspace       used 45280K, capacity 47124K, committed 47272K, reserved 1089536K
  class space    used 6129K, capacity 6497K, committed 6576K, reserved 1048576K
Event: 3.748 GC heap after
Heap after GC invocations=9 (full 2):
 PSYoungGen      total 230912K, used 14816K [0x00000000d5580000, 0x00000000eb400000, 0x0000000100000000)
  eden space 216064K, 0% used [0x00000000d5580000,0x00000000d5580000,0x00000000e2880000)
  from space 14848K, 99% used [0x00000000e2880000,0x00000000e36f8040,0x00000000e3700000)
  to   space 17408K, 0% used [0x00000000ea300000,0x00000000ea300000,0x00000000eb400000)
 ParOldGen       total 143360K, used 15802K [0x0000000080000000, 0x0000000088c00000, 0x00000000d5580000)
  object space 143360K, 11% used [0x0000000080000000,0x0000000080f6e890,0x0000000088c00000)
 Metaspace       used 45280K, capacity 47124K, committed 47272K, reserved 1089536K
  class space    used 6129K, capacity 6497K, committed 6576K, reserved 1048576K
}
Event: 4.651 GC heap before
{Heap before GC invocations=10 (full 2):
 PSYoungGen      total 230912K, used 161336K [0x00000000d5580000, 0x00000000eb400000, 0x0000000100000000)
  eden space 216064K, 67% used [0x00000000d5580000,0x00000000de496158,0x00000000e2880000)
  from space 14848K, 99% used [0x00000000e2880000,0x00000000e36f8040,0x00000000e3700000)
  to   space 17408K, 0% used [0x00000000ea300000,0x00000000ea300000,0x00000000eb400000)
 ParOldGen       total 143360K, used 15802K [0x0000000080000000, 0x0000000088c00000, 0x00000000d5580000)
  object space 143360K, 11% used [0x0000000080000000,0x0000000080f6e890,0x0000000088c00000)
 Metaspace       used 56498K, capacity 58954K, committed 59160K, reserved 1099776K
  class space    used 7736K, capacity 8218K, committed 8240K, reserved 1048576K
Event: 4.665 GC heap after
Heap after GC invocations=10 (full 2):
 PSYoungGen      total 335872K, used 17380K [0x00000000d5580000, 0x00000000ebb80000, 0x0000000100000000)
  eden space 318464K, 0% used [0x00000000d5580000,0x00000000d5580000,0x00000000e8c80000)
  from space 17408K, 99% used [0x00000000ea300000,0x00000000eb3f9310,0x00000000eb400000)
  to   space 23040K, 0% used [0x00000000e8c80000,0x00000000e8c80000,0x00000000ea300000)
 ParOldGen       total 143360K, used 23797K [0x0000000080000000, 0x0000000088c00000, 0x00000000d5580000)
  object space 143360K, 16% used [0x0000000080000000,0x000000008173d590,0x0000000088c00000)
 Metaspace       used 56498K, capacity 58954K, committed 59160K, reserved 1099776K
  class space    used 7736K, capacity 8218K, committed 8240K, reserved 1048576K
}
Event: 4.665 GC heap before
{Heap before GC invocations=11 (full 3):
 PSYoungGen      total 335872K, used 17380K [0x00000000d5580000, 0x00000000ebb80000, 0x0000000100000000)
  eden space 318464K, 0% used [0x00000000d5580000,0x00000000d5580000,0x00000000e8c80000)
  from space 17408K, 99% used [0x00000000ea300000,0x00000000eb3f9310,0x00000000eb400000)
  to   space 23040K, 0% used [0x00000000e8c80000,0x00000000e8c80000,0x00000000ea300000)
 ParOldGen       total 143360K, used 23797K [0x0000000080000000, 0x0000000088c00000, 0x00000000d5580000)
  object space 143360K, 16% used [0x0000000080000000,0x000000008173d590,0x0000000088c00000)
 Metaspace       used 56498K, capacity 58954K, committed 59160K, reserved 1099776K
  class space    used 7736K, capacity 8218K, committed 8240K, reserved 1048576K
Event: 4.811 GC heap after
Heap after GC invocations=11 (full 3):
 PSYoungGen      total 335872K, used 0K [0x00000000d5580000, 0x00000000ebb80000, 0x0000000100000000)
  eden space 318464K, 0% used [0x00000000d5580000,0x00000000d5580000,0x00000000e8c80000)
  from space 17408K, 0% used [0x00000000ea300000,0x00000000ea300000,0x00000000eb400000)
  to   space 23040K, 0% used [0x00000000e8c80000,0x00000000e8c80000,0x00000000ea300000)
 ParOldGen       total 143360K, used 37155K [0x0000000080000000, 0x0000000088c00000, 0x00000000d5580000)
  object space 143360K, 25% used [0x0000000080000000,0x0000000082448da0,0x0000000088c00000)
 Metaspace       used 56437K, capacity 58744K, committed 59160K, reserved 1099776K
  class space    used 7717K, capacity 8183K, committed 8240K, reserved 1048576K
}
Event: 8.058 GC heap before
{Heap before GC invocations=12 (full 3):
 PSYoungGen      total 335872K, used 318464K [0x00000000d5580000, 0x00000000ebb80000, 0x0000000100000000)
  eden space 318464K, 100% used [0x00000000d5580000,0x00000000e8c80000,0x00000000e8c80000)
  from space 17408K, 0% used [0x00000000ea300000,0x00000000ea300000,0x00000000eb400000)
  to   space 23040K, 0% used [0x00000000e8c80000,0x00000000e8c80000,0x00000000ea300000)
 ParOldGen       total 143360K, used 37155K [0x0000000080000000, 0x0000000088c00000, 0x00000000d5580000)
  object space 143360K, 25% used [0x0000000080000000,0x0000000082448da0,0x0000000088c00000)
 Metaspace       used 59690K, capacity 62076K, committed 62232K, reserved 1103872K
  class space    used 8219K, capacity 8693K, committed 8752K, reserved 1048576K
Event: 8.062 GC heap after
Heap after GC invocations=12 (full 3):
 PSYoungGen      total 341504K, used 4433K [0x00000000d5580000, 0x00000000eef00000, 0x0000000100000000)
  eden space 318464K, 0% used [0x00000000d5580000,0x00000000d5580000,0x00000000e8c80000)
  from space 23040K, 19% used [0x00000000e8c80000,0x00000000e90d45b8,0x00000000ea300000)
  to   space 23552K, 0% used [0x00000000ed800000,0x00000000ed800000,0x00000000eef00000)
 ParOldGen       total 143360K, used 37163K [0x0000000080000000, 0x0000000088c00000, 0x00000000d5580000)
  object space 143360K, 25% used [0x0000000080000000,0x000000008244ada0,0x0000000088c00000)
 Metaspace       used 59690K, capacity 62076K, committed 62232K, reserved 1103872K
  class space    used 8219K, capacity 8693K, committed 8752K, reserved 1048576K
}
Event: 11.315 GC heap before
{Heap before GC invocations=13 (full 3):
 PSYoungGen      total 341504K, used 322897K [0x00000000d5580000, 0x00000000eef00000, 0x0000000100000000)
  eden space 318464K, 100% used [0x00000000d5580000,0x00000000e8c80000,0x00000000e8c80000)
  from space 23040K, 19% used [0x00000000e8c80000,0x00000000e90d45b8,0x00000000ea300000)
  to   space 23552K, 0% used [0x00000000ed800000,0x00000000ed800000,0x00000000eef00000)
 ParOldGen       total 143360K, used 37163K [0x0000000080000000, 0x0000000088c00000, 0x00000000d5580000)
  object space 143360K, 25% used [0x0000000080000000,0x000000008244ada0,0x0000000088c00000)
 Metaspace       used 59866K, capacity 62218K, committed 62488K, reserved 1103872K
  class space    used 8251K, capacity 8736K, committed 8752K, reserved 1048576K
Event: 11.317 GC heap after
Heap after GC invocations=13 (full 3):
 PSYoungGen      total 376320K, used 2070K [0x00000000d5580000, 0x00000000ee580000, 0x0000000100000000)
  eden space 362496K, 0% used [0x00000000d5580000,0x00000000d5580000,0x00000000eb780000)
  from space 13824K, 14% used [0x00000000ed800000,0x00000000eda05b98,0x00000000ee580000)
  to   space 23552K, 0% used [0x00000000eb780000,0x00000000eb780000,0x00000000ece80000)
 ParOldGen       total 143360K, used 37171K [0x0000000080000000, 0x0000000088c00000, 0x00000000d5580000)
  object space 143360K, 25% used [0x0000000080000000,0x000000008244cda0,0x0000000088c00000)
 Metaspace       used 59866K, capacity 62218K, committed 62488K, reserved 1103872K
  class space    used 8251K, capacity 8736K, committed 8752K, reserved 1048576K
}

